0 verbose cli /usr/local/node-v17.9.1-linux-x64/bin/node /usr/local/node/bin/npm
1 info using npm@8.11.0
2 info using node@v17.9.1
3 timing npm:load:whichnode Completed in 1ms
4 timing config:load:defaults Completed in 3ms
5 timing config:load:file:/usr/local/node-v17.9.1-linux-x64/lib/node_modules/npm/npmrc Completed in 1ms
6 timing config:load:builtin Completed in 2ms
7 timing config:load:cli Completed in 2ms
8 timing config:load:env Completed in 1ms
9 timing config:load:project Completed in 3ms
10 timing config:load:file:/home/newpinfactory/.npmrc Completed in 0ms
11 timing config:load:user Completed in 0ms
12 timing config:load:file:/usr/local/node-v17.9.1-linux-x64/etc/npmrc Completed in 1ms
13 timing config:load:global Completed in 1ms
14 timing config:load:validate Completed in 0ms
15 timing config:load:credentials Completed in 2ms
16 timing config:load:setEnvs Completed in 1ms
17 timing config:load Completed in 15ms
18 timing npm:load:configload Completed in 15ms
19 timing npm:load:mkdirpcache Completed in 5ms
20 timing npm:load:mkdirplogs Completed in 1ms
21 verbose title npm install
22 verbose argv "install"
23 timing npm:load:setTitle Completed in 1ms
24 timing config:load:flatten Completed in 4ms
25 timing npm:load:display Completed in 7ms
26 verbose logfile logs-max:10 dir:/home/newpinfactory/.npm/_logs
27 verbose logfile /home/newpinfactory/.npm/_logs/2023-08-30T00_10_14_119Z-debug-0.log
28 timing npm:load:logFile Completed in 6ms
29 timing npm:load:timers Completed in 1ms
30 timing npm:load:configScope Completed in 0ms
31 timing npm:load Completed in 38ms
32 timing arborist:ctor Completed in 1ms
33 silly logfile done cleaning log files
34 timing arborist:ctor Completed in 0ms
35 timing idealTree:init Completed in 25ms
36 timing idealTree:userRequests Completed in 0ms
37 silly idealTree buildDeps
38 silly fetch manifest @tailwindcss/forms@^0.5.2
39 http fetch GET 200 https://registry.npmjs.org/npm 419ms (cache miss)
40 http fetch GET 200 https://registry.npmjs.org/@tailwindcss%2fforms 371ms (cache miss)
41 silly fetch manifest tailwindcss@^3.1.0
42 http fetch GET 200 https://registry.npmjs.org/tailwindcss 360ms (cache miss)
43 silly fetch manifest alpinejs@^3.4.2
44 http fetch GET 200 https://registry.npmjs.org/alpinejs 764ms (cache miss)
45 silly fetch manifest autoprefixer@^10.4.2
46 http fetch GET 200 https://registry.npmjs.org/autoprefixer 71ms (cache miss)
47 silly fetch manifest postcss@^8.4.6
48 http fetch GET 200 https://registry.npmjs.org/postcss 56ms (cache miss)
49 silly fetch manifest axios@^1.1.2
50 http fetch GET 200 https://registry.npmjs.org/axios 40ms (cache miss)
51 silly fetch manifest laravel-vite-plugin@^0.8.0
52 http fetch GET 200 https://registry.npmjs.org/laravel-vite-plugin 221ms (cache miss)
53 silly fetch manifest vite@^4.0.0
54 http fetch GET 200 https://registry.npmjs.org/vite 162ms (cache miss)
55 silly fetch manifest @types/node@>= 14
56 http fetch GET 200 https://registry.npmjs.org/@types%2fnode 209ms (cache miss)
57 silly fetch manifest less@*
58 http fetch GET 200 https://registry.npmjs.org/less 44ms (cache miss)
59 silly fetch manifest lightningcss@^1.21.0
60 http fetch GET 200 https://registry.npmjs.org/lightningcss 30ms (cache miss)
61 silly fetch manifest sass@*
62 http fetch GET 200 https://registry.npmjs.org/sass 52ms (cache miss)
63 silly fetch manifest stylus@*
64 http fetch GET 200 https://registry.npmjs.org/stylus 46ms (cache miss)
65 silly fetch manifest sugarss@*
66 http fetch GET 200 https://registry.npmjs.org/sugarss 45ms (cache miss)
67 silly fetch manifest terser@^5.4.0
68 http fetch GET 200 https://registry.npmjs.org/terser 46ms (cache miss)
69 silly placeDep ROOT @tailwindcss/forms@0.5.6 OK for:  want: ^0.5.2
70 silly placeDep ROOT tailwindcss@3.3.3 OK for: @tailwindcss/forms@0.5.6 want: >=3.0.0 || >= 3.0.0-alpha.1
71 silly placeDep ROOT alpinejs@3.13.0 OK for:  want: ^3.4.2
72 silly placeDep ROOT autoprefixer@10.4.15 OK for:  want: ^10.4.2
73 silly placeDep ROOT postcss@8.4.29 OK for: autoprefixer@10.4.15 want: ^8.1.0
74 silly placeDep ROOT axios@1.5.0 OK for:  want: ^1.1.2
75 silly placeDep ROOT laravel-vite-plugin@0.8.0 OK for:  want: ^0.8.0
76 silly placeDep ROOT vite@4.4.9 OK for: laravel-vite-plugin@0.8.0 want: ^3.0.0 || ^4.0.0
77 silly fetch manifest mini-svg-data-uri@^1.2.3
78 silly fetch manifest @alloc/quick-lru@^5.2.0
79 silly fetch manifest arg@^5.0.2
80 silly fetch manifest chokidar@^3.5.3
81 silly fetch manifest didyoumean@^1.2.2
82 silly fetch manifest dlv@^1.1.3
83 silly fetch manifest fast-glob@^3.2.12
84 silly fetch manifest glob-parent@^6.0.2
85 silly fetch manifest is-glob@^4.0.3
86 silly fetch manifest jiti@^1.18.2
87 silly fetch manifest lilconfig@^2.1.0
88 silly fetch manifest micromatch@^4.0.5
89 silly fetch manifest normalize-path@^3.0.0
90 silly fetch manifest object-hash@^3.0.0
91 silly fetch manifest picocolors@^1.0.0
92 silly fetch manifest postcss-import@^15.1.0
93 silly fetch manifest postcss-js@^4.0.1
94 silly fetch manifest postcss-load-config@^4.0.1
95 silly fetch manifest postcss-nested@^6.0.1
96 silly fetch manifest postcss-selector-parser@^6.0.11
97 silly fetch manifest resolve@^1.22.2
98 silly fetch manifest sucrase@^3.32.0
99 silly fetch manifest @vue/reactivity@~3.1.1
100 silly fetch manifest browserslist@^4.21.10
101 silly fetch manifest caniuse-lite@^1.0.30001520
102 silly fetch manifest fraction.js@^4.2.0
103 silly fetch manifest normalize-range@^0.1.2
104 silly fetch manifest postcss-value-parser@^4.2.0
105 silly fetch manifest nanoid@^3.3.6
106 silly fetch manifest source-map-js@^1.0.2
107 silly fetch manifest follow-redirects@^1.15.0
108 silly fetch manifest form-data@^4.0.0
109 silly fetch manifest proxy-from-env@^1.1.0
110 silly fetch manifest vite-plugin-full-reload@^1.0.5
111 silly fetch manifest esbuild@^0.18.10
112 silly fetch manifest rollup@^3.27.1
113 silly fetch manifest fsevents@~2.3.2
114 http fetch GET 200 https://registry.npmjs.org/@alloc%2fquick-lru 131ms (cache miss)
115 http fetch GET 200 https://registry.npmjs.org/postcss-import 187ms (cache miss)
116 http fetch GET 200 https://registry.npmjs.org/normalize-path 226ms (cache miss)
117 http fetch GET 200 https://registry.npmjs.org/postcss-js 224ms (cache miss)
118 http fetch GET 200 https://registry.npmjs.org/arg 252ms (cache miss)
119 http fetch GET 200 https://registry.npmjs.org/lilconfig 246ms (cache miss)
120 http fetch GET 200 https://registry.npmjs.org/postcss-load-config 243ms (cache miss)
121 http fetch GET 200 https://registry.npmjs.org/postcss-selector-parser 242ms (cache miss)
122 http fetch GET 200 https://registry.npmjs.org/micromatch 260ms (cache miss)
123 http fetch GET 200 https://registry.npmjs.org/postcss-nested 258ms (cache miss)
124 http fetch GET 200 https://registry.npmjs.org/fast-glob 277ms (cache miss)
125 http fetch GET 200 https://registry.npmjs.org/chokidar 281ms (cache miss)
126 http fetch GET 200 https://registry.npmjs.org/resolve 262ms (cache miss)
127 http fetch GET 200 https://registry.npmjs.org/sucrase 263ms (cache miss)
128 http fetch GET 200 https://registry.npmjs.org/jiti 285ms (cache miss)
129 http fetch GET 200 https://registry.npmjs.org/browserslist 288ms (cache miss)
130 http fetch GET 200 https://registry.npmjs.org/postcss-value-parser 289ms (cache miss)
131 http fetch GET 200 https://registry.npmjs.org/fraction.js 292ms (cache miss)
132 http fetch GET 200 https://registry.npmjs.org/@vue%2freactivity 300ms (cache miss)
133 http fetch GET 200 https://registry.npmjs.org/source-map-js 303ms (cache miss)
134 http fetch GET 200 https://registry.npmjs.org/form-data 331ms (cache miss)
135 http fetch GET 200 https://registry.npmjs.org/follow-redirects 338ms (cache miss)
136 http fetch GET 200 https://registry.npmjs.org/nanoid 356ms (cache miss)
137 http fetch GET 200 https://registry.npmjs.org/dlv 393ms (cache miss)
138 http fetch GET 200 https://registry.npmjs.org/proxy-from-env 362ms (cache miss)
139 http fetch GET 200 https://registry.npmjs.org/is-glob 395ms (cache miss)
140 http fetch GET 200 https://registry.npmjs.org/glob-parent 399ms (cache miss)
141 http fetch GET 200 https://registry.npmjs.org/object-hash 394ms (cache miss)
142 http fetch GET 200 https://registry.npmjs.org/picocolors 413ms (cache miss)
143 http fetch GET 200 https://registry.npmjs.org/fsevents 399ms (cache miss)
144 http fetch GET 200 https://registry.npmjs.org/normalize-range 434ms (cache miss)
145 http fetch GET 200 https://registry.npmjs.org/caniuse-lite 437ms (cache miss)
146 http fetch GET 200 https://registry.npmjs.org/esbuild 450ms (cache miss)
147 http fetch GET 200 https://registry.npmjs.org/rollup 640ms (cache miss)
148 http fetch GET 200 https://registry.npmjs.org/mini-svg-data-uri 789ms (cache miss)
149 http fetch GET 200 https://registry.npmjs.org/didyoumean 855ms (cache miss)
150 http fetch GET 200 https://registry.npmjs.org/vite-plugin-full-reload 1012ms (cache miss)
151 timing idealTree:#root Completed in 3776ms
152 silly placeDep ROOT mini-svg-data-uri@1.4.4 OK for: @tailwindcss/forms@0.5.6 want: ^1.2.3
153 timing idealTree:node_modules/@tailwindcss/forms Completed in 4ms
154 silly placeDep ROOT @vue/reactivity@3.1.5 OK for: alpinejs@3.13.0 want: ~3.1.1
155 silly fetch manifest @vue/shared@3.1.5
156 http fetch GET 200 https://registry.npmjs.org/@vue%2fshared 77ms (cache miss)
157 timing idealTree:node_modules/alpinejs Completed in 86ms
158 silly placeDep ROOT @vue/shared@3.1.5 OK for: @vue/reactivity@3.1.5 want: 3.1.5
159 timing idealTree:node_modules/@vue/reactivity Completed in 4ms
160 timing idealTree:node_modules/@vue/shared Completed in 0ms
161 silly placeDep ROOT browserslist@4.21.10 OK for: autoprefixer@10.4.15 want: ^4.21.10
162 silly placeDep ROOT caniuse-lite@1.0.30001524 OK for: autoprefixer@10.4.15 want: ^1.0.30001520
163 silly placeDep ROOT fraction.js@4.3.1 OK for: autoprefixer@10.4.15 want: ^4.2.0
164 silly placeDep ROOT normalize-range@0.1.2 OK for: autoprefixer@10.4.15 want: ^0.1.2
165 silly placeDep ROOT picocolors@1.0.0 OK for: autoprefixer@10.4.15 want: ^1.0.0
166 silly placeDep ROOT postcss-value-parser@4.2.0 OK for: autoprefixer@10.4.15 want: ^4.2.0
167 silly fetch manifest electron-to-chromium@^1.4.477
168 silly fetch manifest node-releases@^2.0.13
169 silly fetch manifest update-browserslist-db@^1.0.11
170 http fetch GET 200 https://registry.npmjs.org/update-browserslist-db 46ms (cache miss)
171 http fetch GET 200 https://registry.npmjs.org/node-releases 62ms (cache miss)
172 http fetch GET 200 https://registry.npmjs.org/electron-to-chromium 259ms (cache miss)
173 timing idealTree:node_modules/autoprefixer Completed in 298ms
174 silly placeDep ROOT follow-redirects@1.15.2 OK for: axios@1.5.0 want: ^1.15.0
175 silly placeDep ROOT form-data@4.0.0 OK for: axios@1.5.0 want: ^4.0.0
176 silly placeDep ROOT proxy-from-env@1.1.0 OK for: axios@1.5.0 want: ^1.1.0
177 silly fetch manifest asynckit@^0.4.0
178 silly fetch manifest combined-stream@^1.0.8
179 silly fetch manifest mime-types@^2.1.12
180 http fetch GET 200 https://registry.npmjs.org/asynckit 40ms (cache miss)
181 http fetch GET 200 https://registry.npmjs.org/combined-stream 39ms (cache miss)
182 http fetch GET 200 https://registry.npmjs.org/mime-types 39ms (cache miss)
183 timing idealTree:node_modules/axios Completed in 51ms
184 silly fetch manifest browserslist@>= 4.21.0
185 silly placeDep ROOT electron-to-chromium@1.4.505 OK for: browserslist@4.21.10 want: ^1.4.477
186 silly placeDep ROOT node-releases@2.0.13 OK for: browserslist@4.21.10 want: ^2.0.13
187 silly placeDep ROOT update-browserslist-db@1.0.11 OK for: browserslist@4.21.10 want: ^1.0.11
188 silly fetch manifest escalade@^3.1.1
189 http fetch GET 200 https://registry.npmjs.org/escalade 33ms (cache miss)
190 timing idealTree:node_modules/browserslist Completed in 44ms
191 timing idealTree:node_modules/caniuse-lite Completed in 0ms
192 timing idealTree:node_modules/electron-to-chromium Completed in 0ms
193 timing idealTree:node_modules/follow-redirects Completed in 0ms
194 silly placeDep ROOT asynckit@0.4.0 OK for: form-data@4.0.0 want: ^0.4.0
195 silly placeDep ROOT combined-stream@1.0.8 OK for: form-data@4.0.0 want: ^1.0.8
196 silly placeDep ROOT mime-types@2.1.35 OK for: form-data@4.0.0 want: ^2.1.12
197 silly fetch manifest delayed-stream@~1.0.0
198 silly fetch manifest mime-db@1.52.0
199 http fetch GET 200 https://registry.npmjs.org/delayed-stream 37ms (cache miss)
200 http fetch GET 200 https://registry.npmjs.org/mime-db 40ms (cache miss)
201 timing idealTree:node_modules/form-data Completed in 53ms
202 timing idealTree:node_modules/asynckit Completed in 0ms
203 silly placeDep ROOT delayed-stream@1.0.0 OK for: combined-stream@1.0.8 want: ~1.0.0
204 timing idealTree:node_modules/combined-stream Completed in 2ms
205 timing idealTree:node_modules/delayed-stream Completed in 0ms
206 timing idealTree:node_modules/fraction.js Completed in 0ms
207 silly fetch manifest vite@^3.0.0 || ^4.0.0
208 silly fetch manifest postcss@^8.3.3
209 silly placeDep ROOT vite-plugin-full-reload@1.0.5 OK for: laravel-vite-plugin@0.8.0 want: ^1.0.5
210 silly fetch manifest picomatch@^2.3.1
211 http fetch GET 200 https://registry.npmjs.org/picomatch 48ms (cache miss)
212 timing idealTree:node_modules/laravel-vite-plugin Completed in 61ms
213 silly placeDep ROOT mime-db@1.52.0 OK for: mime-types@2.1.35 want: 1.52.0
214 timing idealTree:node_modules/mime-types Completed in 3ms
215 timing idealTree:node_modules/mime-db Completed in 0ms
216 timing idealTree:node_modules/mini-svg-data-uri Completed in 0ms
217 timing idealTree:node_modules/node-releases Completed in 0ms
218 timing idealTree:node_modules/normalize-range Completed in 0ms
219 timing idealTree:node_modules/picocolors Completed in 0ms
220 silly placeDep ROOT nanoid@3.3.6 OK for: postcss@8.4.29 want: ^3.3.6
221 silly placeDep ROOT source-map-js@1.0.2 OK for: postcss@8.4.29 want: ^1.0.2
222 timing idealTree:node_modules/postcss Completed in 6ms
223 timing idealTree:node_modules/nanoid Completed in 0ms
224 timing idealTree:node_modules/postcss-value-parser Completed in 0ms
225 timing idealTree:node_modules/proxy-from-env Completed in 0ms
226 timing idealTree:node_modules/source-map-js Completed in 1ms
227 silly fetch manifest postcss@^8.4.23
228 silly fetch manifest ts-node@>=9.0.0
229 http fetch GET 200 https://registry.npmjs.org/ts-node 43ms (cache miss)
230 silly fetch manifest @swc/core@>=1.2.50
231 http fetch GET 200 https://registry.npmjs.org/@swc%2fcore 413ms (cache miss)
232 silly fetch manifest @swc/helpers@^0.5.0
233 http fetch GET 200 https://registry.npmjs.org/@swc%2fhelpers 64ms (cache miss)
234 silly fetch manifest @swc/wasm@>=1.2.50
235 http fetch GET 200 https://registry.npmjs.org/@swc%2fwasm 1763ms (cache miss)
236 silly fetch manifest @types/node@*
237 silly fetch manifest typescript@>=2.7
238 http fetch GET 200 https://registry.npmjs.org/typescript 610ms (cache miss)
239 silly placeDep ROOT @alloc/quick-lru@5.2.0 OK for: tailwindcss@3.3.3 want: ^5.2.0
240 silly placeDep ROOT arg@5.0.2 OK for: tailwindcss@3.3.3 want: ^5.0.2
241 silly placeDep ROOT chokidar@3.5.3 OK for: tailwindcss@3.3.3 want: ^3.5.3
242 silly placeDep ROOT didyoumean@1.2.2 OK for: tailwindcss@3.3.3 want: ^1.2.2
243 silly placeDep ROOT dlv@1.1.3 OK for: tailwindcss@3.3.3 want: ^1.1.3
244 silly placeDep ROOT fast-glob@3.3.1 OK for: tailwindcss@3.3.3 want: ^3.2.12
245 silly placeDep ROOT glob-parent@6.0.2 OK for: tailwindcss@3.3.3 want: ^6.0.2
246 silly placeDep ROOT is-glob@4.0.3 OK for: tailwindcss@3.3.3 want: ^4.0.3
247 silly placeDep ROOT jiti@1.19.3 OK for: tailwindcss@3.3.3 want: ^1.18.2
248 silly placeDep ROOT lilconfig@2.1.0 OK for: tailwindcss@3.3.3 want: ^2.1.0
249 silly placeDep ROOT micromatch@4.0.5 OK for: tailwindcss@3.3.3 want: ^4.0.5
250 silly placeDep ROOT normalize-path@3.0.0 OK for: tailwindcss@3.3.3 want: ^3.0.0
251 silly placeDep ROOT object-hash@3.0.0 OK for: tailwindcss@3.3.3 want: ^3.0.0
252 silly placeDep ROOT postcss-import@15.1.0 OK for: tailwindcss@3.3.3 want: ^15.1.0
253 silly placeDep ROOT postcss-js@4.0.1 OK for: tailwindcss@3.3.3 want: ^4.0.1
254 silly placeDep ROOT postcss-load-config@4.0.1 OK for: tailwindcss@3.3.3 want: ^4.0.1
255 silly placeDep ROOT postcss-nested@6.0.1 OK for: tailwindcss@3.3.3 want: ^6.0.1
256 silly placeDep ROOT postcss-selector-parser@6.0.13 OK for: tailwindcss@3.3.3 want: ^6.0.11
257 silly placeDep ROOT resolve@1.22.4 OK for: tailwindcss@3.3.3 want: ^1.22.2
258 silly placeDep ROOT sucrase@3.34.0 OK for: tailwindcss@3.3.3 want: ^3.32.0
259 silly fetch manifest anymatch@~3.1.2
260 silly fetch manifest braces@~3.0.2
261 silly fetch manifest glob-parent@~5.1.2
262 silly fetch manifest is-binary-path@~2.1.0
263 silly fetch manifest readdirp@~3.6.0
264 silly fetch manifest @nodelib/fs.stat@^2.0.2
265 silly fetch manifest @nodelib/fs.walk@^1.2.3
266 silly fetch manifest glob-parent@^5.1.2
267 silly fetch manifest merge2@^1.3.0
268 silly fetch manifest is-extglob@^2.1.1
269 silly fetch manifest braces@^3.0.2
270 silly fetch manifest read-cache@^1.0.0
271 silly fetch manifest camelcase-css@^2.0.1
272 silly fetch manifest yaml@^2.1.1
273 silly fetch manifest cssesc@^3.0.0
274 silly fetch manifest util-deprecate@^1.0.2
275 silly fetch manifest is-core-module@^2.13.0
276 silly fetch manifest path-parse@^1.0.7
277 silly fetch manifest supports-preserve-symlinks-flag@^1.0.0
278 silly fetch manifest @jridgewell/gen-mapping@^0.3.2
279 silly fetch manifest commander@^4.0.0
280 silly fetch manifest glob@7.1.6
281 silly fetch manifest lines-and-columns@^1.1.6
282 silly fetch manifest mz@^2.7.0
283 silly fetch manifest pirates@^4.0.1
284 silly fetch manifest ts-interface-checker@^0.1.9
285 http fetch GET 200 https://registry.npmjs.org/is-extglob 148ms (cache miss)
286 http fetch GET 200 https://registry.npmjs.org/braces 157ms (cache miss)
287 http fetch GET 200 https://registry.npmjs.org/util-deprecate 146ms (cache miss)
288 http fetch GET 200 https://registry.npmjs.org/is-binary-path 158ms (cache miss)
289 http fetch GET 200 https://registry.npmjs.org/is-core-module 141ms (cache miss)
290 http fetch GET 200 https://registry.npmjs.org/merge2 156ms (cache miss)
291 http fetch GET 200 https://registry.npmjs.org/camelcase-css 152ms (cache miss)
292 http fetch GET 200 https://registry.npmjs.org/@nodelib%2ffs.stat 159ms (cache miss)
293 http fetch GET 200 https://registry.npmjs.org/anymatch 166ms (cache miss)
294 http fetch GET 200 https://registry.npmjs.org/supports-preserve-symlinks-flag 142ms (cache miss)
295 http fetch GET 200 https://registry.npmjs.org/read-cache 157ms (cache miss)
296 http fetch GET 200 https://registry.npmjs.org/cssesc 156ms (cache miss)
297 http fetch GET 200 https://registry.npmjs.org/@nodelib%2ffs.walk 165ms (cache miss)
298 http fetch GET 200 https://registry.npmjs.org/ts-interface-checker 137ms (cache miss)
299 http fetch GET 200 https://registry.npmjs.org/commander 146ms (cache miss)
300 http fetch GET 200 https://registry.npmjs.org/readdirp 174ms (cache miss)
301 http fetch GET 200 https://registry.npmjs.org/lines-and-columns 149ms (cache miss)
302 http fetch GET 200 https://registry.npmjs.org/mz 151ms (cache miss)
303 http fetch GET 200 https://registry.npmjs.org/braces 176ms (cache miss)
304 http fetch GET 200 https://registry.npmjs.org/pirates 151ms (cache miss)
305 http fetch GET 200 https://registry.npmjs.org/glob 160ms (cache miss)
306 http fetch GET 200 https://registry.npmjs.org/path-parse 297ms (cache miss)
307 http fetch GET 200 https://registry.npmjs.org/yaml 330ms (cache miss)
308 http fetch GET 200 https://registry.npmjs.org/@jridgewell%2fgen-mapping 328ms (cache miss)
309 timing idealTree:node_modules/tailwindcss Completed in 3412ms
310 timing idealTree:node_modules/@alloc/quick-lru Completed in 0ms
311 timing idealTree:node_modules/arg Completed in 0ms
312 silly placeDep ROOT anymatch@3.1.3 OK for: chokidar@3.5.3 want: ~3.1.2
313 silly placeDep ROOT braces@3.0.2 OK for: chokidar@3.5.3 want: ~3.0.2
314 silly placeDep ROOT fsevents@2.3.3 OK for: chokidar@3.5.3 want: ~2.3.2
315 silly placeDep node_modules/chokidar glob-parent@5.1.2 OK for: chokidar@3.5.3 want: ~5.1.2
316 silly placeDep ROOT is-binary-path@2.1.0 OK for: chokidar@3.5.3 want: ~2.1.0
317 silly placeDep ROOT readdirp@3.6.0 OK for: chokidar@3.5.3 want: ~3.6.0
318 silly fetch manifest picomatch@^2.0.4
319 silly fetch manifest fill-range@^7.0.1
320 silly fetch manifest binary-extensions@^2.0.0
321 silly fetch manifest picomatch@^2.2.1
322 http fetch GET 200 https://registry.npmjs.org/fill-range 36ms (cache miss)
323 http fetch GET 200 https://registry.npmjs.org/binary-extensions 51ms (cache miss)
324 timing idealTree:node_modules/chokidar Completed in 73ms
325 silly placeDep ROOT picomatch@2.3.1 OK for: anymatch@3.1.3 want: ^2.0.4
326 timing idealTree:node_modules/anymatch Completed in 3ms
327 silly placeDep ROOT fill-range@7.0.1 OK for: braces@3.0.2 want: ^7.0.1
328 silly fetch manifest to-regex-range@^5.0.1
329 http fetch GET 200 https://registry.npmjs.org/to-regex-range 38ms (cache miss)
330 timing idealTree:node_modules/braces Completed in 42ms
331 timing idealTree:node_modules/didyoumean Completed in 0ms
332 timing idealTree:node_modules/dlv Completed in 0ms
333 silly placeDep ROOT @nodelib/fs.stat@2.0.5 OK for: fast-glob@3.3.1 want: ^2.0.2
334 silly placeDep ROOT @nodelib/fs.walk@1.2.8 OK for: fast-glob@3.3.1 want: ^1.2.3
335 silly placeDep node_modules/fast-glob glob-parent@5.1.2 OK for: fast-glob@3.3.1 want: ^5.1.2
336 silly placeDep ROOT merge2@1.4.1 OK for: fast-glob@3.3.1 want: ^1.3.0
337 silly fetch manifest @nodelib/fs.scandir@2.1.5
338 silly fetch manifest fastq@^1.6.0
339 http fetch GET 200 https://registry.npmjs.org/fastq 34ms (cache miss)
340 http fetch GET 200 https://registry.npmjs.org/@nodelib%2ffs.scandir 70ms (cache miss)
341 timing idealTree:node_modules/fast-glob Completed in 84ms
342 timing idealTree:node_modules/@nodelib/fs.stat Completed in 0ms
343 silly placeDep ROOT @nodelib/fs.scandir@2.1.5 OK for: @nodelib/fs.walk@1.2.8 want: 2.1.5
344 silly placeDep ROOT fastq@1.15.0 OK for: @nodelib/fs.walk@1.2.8 want: ^1.6.0
345 silly fetch manifest run-parallel@^1.1.9
346 silly fetch manifest reusify@^1.0.4
347 http fetch GET 200 https://registry.npmjs.org/reusify 32ms (cache miss)
348 http fetch GET 200 https://registry.npmjs.org/run-parallel 52ms (cache miss)
349 timing idealTree:node_modules/@nodelib/fs.walk Completed in 60ms
350 silly placeDep ROOT run-parallel@1.2.0 OK for: @nodelib/fs.scandir@2.1.5 want: ^1.1.9
351 silly fetch manifest queue-microtask@^1.2.2
352 http fetch GET 200 https://registry.npmjs.org/queue-microtask 46ms (cache miss)
353 timing idealTree:node_modules/@nodelib/fs.scandir Completed in 51ms
354 silly placeDep ROOT reusify@1.0.4 OK for: fastq@1.15.0 want: ^1.0.4
355 timing idealTree:node_modules/fastq Completed in 2ms
356 silly placeDep ROOT to-regex-range@5.0.1 OK for: fill-range@7.0.1 want: ^5.0.1
357 silly fetch manifest is-number@^7.0.0
358 http fetch GET 200 https://registry.npmjs.org/is-number 45ms (cache miss)
359 timing idealTree:node_modules/fill-range Completed in 49ms
360 timing idealTree:node_modules/fsevents Completed in 0ms
361 timing idealTree:node_modules/glob-parent Completed in 0ms
362 silly placeDep ROOT binary-extensions@2.2.0 OK for: is-binary-path@2.1.0 want: ^2.0.0
363 timing idealTree:node_modules/is-binary-path Completed in 2ms
364 timing idealTree:node_modules/binary-extensions Completed in 0ms
365 silly placeDep ROOT is-extglob@2.1.1 OK for: is-glob@4.0.3 want: ^2.1.1
366 timing idealTree:node_modules/is-glob Completed in 2ms
367 timing idealTree:node_modules/is-extglob Completed in 0ms
368 timing idealTree:node_modules/jiti Completed in 0ms
369 timing idealTree:node_modules/lilconfig Completed in 0ms
370 timing idealTree:node_modules/merge2 Completed in 0ms
371 timing idealTree:node_modules/micromatch Completed in 0ms
372 timing idealTree:node_modules/normalize-path Completed in 0ms
373 timing idealTree:node_modules/object-hash Completed in 0ms
374 timing idealTree:node_modules/picomatch Completed in 0ms
375 silly placeDep ROOT read-cache@1.0.0 OK for: postcss-import@15.1.0 want: ^1.0.0
376 silly fetch manifest pify@^2.3.0
377 http fetch GET 200 https://registry.npmjs.org/pify 33ms (cache miss)
378 timing idealTree:node_modules/postcss-import Completed in 39ms
379 silly placeDep ROOT camelcase-css@2.0.1 OK for: postcss-js@4.0.1 want: ^2.0.1
380 timing idealTree:node_modules/postcss-js Completed in 3ms
381 timing idealTree:node_modules/camelcase-css Completed in 0ms
382 silly placeDep ROOT yaml@2.3.2 OK for: postcss-load-config@4.0.1 want: ^2.1.1
383 timing idealTree:node_modules/postcss-load-config Completed in 3ms
384 timing idealTree:node_modules/postcss-nested Completed in 0ms
385 silly placeDep ROOT cssesc@3.0.0 OK for: postcss-selector-parser@6.0.13 want: ^3.0.0
386 silly placeDep ROOT util-deprecate@1.0.2 OK for: postcss-selector-parser@6.0.13 want: ^1.0.2
387 timing idealTree:node_modules/postcss-selector-parser Completed in 5ms
388 timing idealTree:node_modules/cssesc Completed in 0ms
389 silly placeDep ROOT pify@2.3.0 OK for: read-cache@1.0.0 want: ^2.3.0
390 timing idealTree:node_modules/read-cache Completed in 2ms
391 timing idealTree:node_modules/pify Completed in 0ms
392 timing idealTree:node_modules/readdirp Completed in 0ms
393 silly placeDep ROOT is-core-module@2.13.0 OK for: resolve@1.22.4 want: ^2.13.0
394 silly placeDep ROOT path-parse@1.0.7 OK for: resolve@1.22.4 want: ^1.0.7
395 silly placeDep ROOT supports-preserve-symlinks-flag@1.0.0 OK for: resolve@1.22.4 want: ^1.0.0
396 silly fetch manifest has@^1.0.3
397 http fetch GET 200 https://registry.npmjs.org/has 37ms (cache miss)
398 timing idealTree:node_modules/resolve Completed in 46ms
399 silly placeDep ROOT has@1.0.3 OK for: is-core-module@2.13.0 want: ^1.0.3
400 silly fetch manifest function-bind@^1.1.1
401 http fetch GET 200 https://registry.npmjs.org/function-bind 31ms (cache miss)
402 timing idealTree:node_modules/is-core-module Completed in 37ms
403 silly placeDep ROOT function-bind@1.1.1 OK for: has@1.0.3 want: ^1.1.1
404 timing idealTree:node_modules/has Completed in 3ms
405 timing idealTree:node_modules/function-bind Completed in 0ms
406 timing idealTree:node_modules/path-parse Completed in 0ms
407 timing idealTree:node_modules/reusify Completed in 0ms
408 silly placeDep ROOT queue-microtask@1.2.3 OK for: run-parallel@1.2.0 want: ^1.2.2
409 timing idealTree:node_modules/run-parallel Completed in 3ms
410 timing idealTree:node_modules/queue-microtask Completed in 0ms
411 silly placeDep ROOT @jridgewell/gen-mapping@0.3.3 OK for: sucrase@3.34.0 want: ^0.3.2
412 silly placeDep ROOT commander@4.1.1 OK for: sucrase@3.34.0 want: ^4.0.0
413 silly placeDep ROOT glob@7.1.6 OK for: sucrase@3.34.0 want: 7.1.6
414 silly placeDep ROOT lines-and-columns@1.2.4 OK for: sucrase@3.34.0 want: ^1.1.6
415 silly placeDep ROOT mz@2.7.0 OK for: sucrase@3.34.0 want: ^2.7.0
416 silly placeDep ROOT pirates@4.0.6 OK for: sucrase@3.34.0 want: ^4.0.1
417 silly placeDep ROOT ts-interface-checker@0.1.13 OK for: sucrase@3.34.0 want: ^0.1.9
418 silly fetch manifest @jridgewell/set-array@^1.0.1
419 silly fetch manifest @jridgewell/sourcemap-codec@^1.4.10
420 silly fetch manifest @jridgewell/trace-mapping@^0.3.9
421 silly fetch manifest fs.realpath@^1.0.0
422 silly fetch manifest inflight@^1.0.4
423 silly fetch manifest inherits@2
424 silly fetch manifest minimatch@^3.0.4
425 silly fetch manifest once@^1.3.0
426 silly fetch manifest path-is-absolute@^1.0.0
427 silly fetch manifest any-promise@^1.0.0
428 silly fetch manifest object-assign@^4.0.1
429 silly fetch manifest thenify-all@^1.0.0
430 http fetch GET 200 https://registry.npmjs.org/fs.realpath 91ms (cache miss)
431 http fetch GET 200 https://registry.npmjs.org/path-is-absolute 86ms (cache miss)
432 http fetch GET 200 https://registry.npmjs.org/inherits 91ms (cache miss)
433 http fetch GET 200 https://registry.npmjs.org/any-promise 87ms (cache miss)
434 http fetch GET 200 https://registry.npmjs.org/inflight 94ms (cache miss)
435 http fetch GET 200 https://registry.npmjs.org/once 91ms (cache miss)
436 http fetch GET 200 https://registry.npmjs.org/thenify-all 87ms (cache miss)
437 http fetch GET 200 https://registry.npmjs.org/@jridgewell%2fsourcemap-codec 101ms (cache miss)
438 http fetch GET 200 https://registry.npmjs.org/object-assign 91ms (cache miss)
439 http fetch GET 200 https://registry.npmjs.org/@jridgewell%2ftrace-mapping 102ms (cache miss)
440 http fetch GET 200 https://registry.npmjs.org/@jridgewell%2fset-array 107ms (cache miss)
441 http fetch GET 200 https://registry.npmjs.org/minimatch 100ms (cache miss)
442 timing idealTree:node_modules/sucrase Completed in 130ms
443 silly placeDep ROOT @jridgewell/set-array@1.1.2 OK for: @jridgewell/gen-mapping@0.3.3 want: ^1.0.1
444 silly placeDep ROOT @jridgewell/sourcemap-codec@1.4.15 OK for: @jridgewell/gen-mapping@0.3.3 want: ^1.4.10
445 silly placeDep ROOT @jridgewell/trace-mapping@0.3.19 OK for: @jridgewell/gen-mapping@0.3.3 want: ^0.3.9
446 silly fetch manifest @jridgewell/resolve-uri@^3.1.0
447 http fetch GET 200 https://registry.npmjs.org/@jridgewell%2fresolve-uri 86ms (cache miss)
448 timing idealTree:node_modules/@jridgewell/gen-mapping Completed in 94ms
449 timing idealTree:node_modules/@jridgewell/set-array Completed in 0ms
450 timing idealTree:node_modules/@jridgewell/sourcemap-codec Completed in 0ms
451 silly placeDep ROOT @jridgewell/resolve-uri@3.1.1 OK for: @jridgewell/trace-mapping@0.3.19 want: ^3.1.0
452 timing idealTree:node_modules/@jridgewell/trace-mapping Completed in 3ms
453 timing idealTree:node_modules/@jridgewell/resolve-uri Completed in 0ms
454 timing idealTree:node_modules/commander Completed in 0ms
455 silly placeDep ROOT fs.realpath@1.0.0 OK for: glob@7.1.6 want: ^1.0.0
456 silly placeDep ROOT inflight@1.0.6 OK for: glob@7.1.6 want: ^1.0.4
457 silly placeDep ROOT inherits@2.0.4 OK for: glob@7.1.6 want: 2
458 silly placeDep ROOT minimatch@3.1.2 OK for: glob@7.1.6 want: ^3.0.4
459 silly placeDep ROOT once@1.4.0 OK for: glob@7.1.6 want: ^1.3.0
460 silly placeDep ROOT path-is-absolute@1.0.1 OK for: glob@7.1.6 want: ^1.0.0
461 silly fetch manifest wrappy@1
462 silly fetch manifest brace-expansion@^1.1.7
463 http fetch GET 200 https://registry.npmjs.org/wrappy 39ms (cache miss)
464 http fetch GET 200 https://registry.npmjs.org/brace-expansion 39ms (cache miss)
465 timing idealTree:node_modules/glob Completed in 58ms
466 timing idealTree:node_modules/fs.realpath Completed in 0ms
467 silly placeDep ROOT wrappy@1.0.2 OK for: inflight@1.0.6 want: 1
468 timing idealTree:node_modules/inflight Completed in 3ms
469 timing idealTree:node_modules/inherits Completed in 0ms
470 timing idealTree:node_modules/lines-and-columns Completed in 0ms
471 silly placeDep ROOT brace-expansion@1.1.11 OK for: minimatch@3.1.2 want: ^1.1.7
472 silly fetch manifest balanced-match@^1.0.0
473 silly fetch manifest concat-map@0.0.1
474 http fetch GET 200 https://registry.npmjs.org/concat-map 25ms (cache miss)
475 http fetch GET 200 https://registry.npmjs.org/balanced-match 33ms (cache miss)
476 timing idealTree:node_modules/minimatch Completed in 38ms
477 silly placeDep ROOT balanced-match@1.0.2 OK for: brace-expansion@1.1.11 want: ^1.0.0
478 silly placeDep ROOT concat-map@0.0.1 OK for: brace-expansion@1.1.11 want: 0.0.1
479 timing idealTree:node_modules/brace-expansion Completed in 3ms
480 timing idealTree:node_modules/balanced-match Completed in 0ms
481 timing idealTree:node_modules/concat-map Completed in 0ms
482 silly placeDep ROOT any-promise@1.3.0 OK for: mz@2.7.0 want: ^1.0.0
483 silly placeDep ROOT object-assign@4.1.1 OK for: mz@2.7.0 want: ^4.0.1
484 silly placeDep ROOT thenify-all@1.6.0 OK for: mz@2.7.0 want: ^1.0.0
485 silly fetch manifest thenify@>= 3.1.0 < 4
486 http fetch GET 200 https://registry.npmjs.org/thenify 796ms (cache miss)
487 timing idealTree:node_modules/mz Completed in 803ms
488 timing idealTree:node_modules/any-promise Completed in 0ms
489 timing idealTree:node_modules/object-assign Completed in 0ms
490 timing idealTree:node_modules/once Completed in 0ms
491 timing idealTree:node_modules/path-is-absolute Completed in 0ms
492 timing idealTree:node_modules/pirates Completed in 0ms
493 timing idealTree:node_modules/supports-preserve-symlinks-flag Completed in 0ms
494 silly placeDep ROOT thenify@3.3.1 OK for: thenify-all@1.6.0 want: >= 3.1.0 < 4
495 timing idealTree:node_modules/thenify-all Completed in 3ms
496 timing idealTree:node_modules/thenify Completed in 0ms
497 silly placeDep ROOT is-number@7.0.0 OK for: to-regex-range@5.0.1 want: ^7.0.0
498 timing idealTree:node_modules/to-regex-range Completed in 2ms
499 timing idealTree:node_modules/is-number Completed in 0ms
500 timing idealTree:node_modules/ts-interface-checker Completed in 0ms
501 silly placeDep ROOT escalade@3.1.1 OK for: update-browserslist-db@1.0.11 want: ^3.1.1
502 timing idealTree:node_modules/update-browserslist-db Completed in 2ms
503 timing idealTree:node_modules/escalade Completed in 0ms
504 timing idealTree:node_modules/util-deprecate Completed in 0ms
505 silly placeDep ROOT esbuild@0.18.20 OK for: vite@4.4.9 want: ^0.18.10
506 silly placeDep ROOT rollup@3.28.1 OK for: vite@4.4.9 want: ^3.27.1
507 silly fetch manifest @esbuild/android-arm@0.18.20
508 silly fetch manifest @esbuild/android-arm64@0.18.20
509 silly fetch manifest @esbuild/android-x64@0.18.20
510 silly fetch manifest @esbuild/darwin-arm64@0.18.20
511 silly fetch manifest @esbuild/darwin-x64@0.18.20
512 silly fetch manifest @esbuild/freebsd-arm64@0.18.20
513 silly fetch manifest @esbuild/freebsd-x64@0.18.20
514 silly fetch manifest @esbuild/linux-arm@0.18.20
515 silly fetch manifest @esbuild/linux-arm64@0.18.20
516 silly fetch manifest @esbuild/linux-ia32@0.18.20
517 silly fetch manifest @esbuild/linux-loong64@0.18.20
518 silly fetch manifest @esbuild/linux-mips64el@0.18.20
519 silly fetch manifest @esbuild/linux-ppc64@0.18.20
520 silly fetch manifest @esbuild/linux-riscv64@0.18.20
521 silly fetch manifest @esbuild/linux-s390x@0.18.20
522 silly fetch manifest @esbuild/linux-x64@0.18.20
523 silly fetch manifest @esbuild/netbsd-x64@0.18.20
524 silly fetch manifest @esbuild/openbsd-x64@0.18.20
525 silly fetch manifest @esbuild/sunos-x64@0.18.20
526 silly fetch manifest @esbuild/win32-arm64@0.18.20
527 silly fetch manifest @esbuild/win32-ia32@0.18.20
528 silly fetch manifest @esbuild/win32-x64@0.18.20
529 http fetch GET 200 https://registry.npmjs.org/@esbuild%2flinux-mips64el 161ms (cache miss)
530 http fetch GET 200 https://registry.npmjs.org/@esbuild%2flinux-ia32 167ms (cache miss)
531 http fetch GET 200 https://registry.npmjs.org/@esbuild%2flinux-s390x 164ms (cache miss)
532 http fetch GET 200 https://registry.npmjs.org/@esbuild%2flinux-arm 173ms (cache miss)
533 http fetch GET 200 https://registry.npmjs.org/@esbuild%2fdarwin-x64 178ms (cache miss)
534 http fetch GET 200 https://registry.npmjs.org/@esbuild%2flinux-riscv64 168ms (cache miss)
535 http fetch GET 200 https://registry.npmjs.org/@esbuild%2ffreebsd-x64 178ms (cache miss)
536 http fetch GET 200 https://registry.npmjs.org/@esbuild%2fandroid-x64 185ms (cache miss)
537 http fetch GET 200 https://registry.npmjs.org/@esbuild%2flinux-loong64 178ms (cache miss)
538 http fetch GET 200 https://registry.npmjs.org/@esbuild%2fandroid-arm 191ms (cache miss)
539 http fetch GET 200 https://registry.npmjs.org/@esbuild%2flinux-x64 183ms (cache miss)
540 http fetch GET 200 https://registry.npmjs.org/@esbuild%2fnetbsd-x64 200ms (cache miss)
541 http fetch GET 200 https://registry.npmjs.org/@esbuild%2fopenbsd-x64 208ms (cache miss)
542 http fetch GET 200 https://registry.npmjs.org/@esbuild%2fwin32-arm64 223ms (cache miss)
543 http fetch GET 200 https://registry.npmjs.org/@esbuild%2fsunos-x64 225ms (cache miss)
544 http fetch GET 200 https://registry.npmjs.org/@esbuild%2fwin32-ia32 226ms (cache miss)
545 http fetch GET 200 https://registry.npmjs.org/@esbuild%2flinux-arm64 314ms (cache miss)
546 http fetch GET 200 https://registry.npmjs.org/@esbuild%2flinux-ppc64 326ms (cache miss)
547 http fetch GET 200 https://registry.npmjs.org/@esbuild%2fandroid-arm64 354ms (cache miss)
548 http fetch GET 200 https://registry.npmjs.org/@esbuild%2fdarwin-arm64 354ms (cache miss)
549 http fetch GET 200 https://registry.npmjs.org/@esbuild%2ffreebsd-arm64 352ms (cache miss)
550 http fetch GET 200 https://registry.npmjs.org/@esbuild%2fwin32-x64 463ms (cache miss)
551 timing idealTree:node_modules/vite Completed in 501ms
552 silly placeDep ROOT @esbuild/android-arm@0.18.20 OK for: esbuild@0.18.20 want: 0.18.20
553 silly placeDep ROOT @esbuild/android-arm64@0.18.20 OK for: esbuild@0.18.20 want: 0.18.20
554 silly placeDep ROOT @esbuild/android-x64@0.18.20 OK for: esbuild@0.18.20 want: 0.18.20
555 silly placeDep ROOT @esbuild/darwin-arm64@0.18.20 OK for: esbuild@0.18.20 want: 0.18.20
556 silly placeDep ROOT @esbuild/darwin-x64@0.18.20 OK for: esbuild@0.18.20 want: 0.18.20
557 silly placeDep ROOT @esbuild/freebsd-arm64@0.18.20 OK for: esbuild@0.18.20 want: 0.18.20
558 silly placeDep ROOT @esbuild/freebsd-x64@0.18.20 OK for: esbuild@0.18.20 want: 0.18.20
559 silly placeDep ROOT @esbuild/linux-arm@0.18.20 OK for: esbuild@0.18.20 want: 0.18.20
560 silly placeDep ROOT @esbuild/linux-arm64@0.18.20 OK for: esbuild@0.18.20 want: 0.18.20
561 silly placeDep ROOT @esbuild/linux-ia32@0.18.20 OK for: esbuild@0.18.20 want: 0.18.20
562 silly placeDep ROOT @esbuild/linux-loong64@0.18.20 OK for: esbuild@0.18.20 want: 0.18.20
563 silly placeDep ROOT @esbuild/linux-mips64el@0.18.20 OK for: esbuild@0.18.20 want: 0.18.20
564 silly placeDep ROOT @esbuild/linux-ppc64@0.18.20 OK for: esbuild@0.18.20 want: 0.18.20
565 silly placeDep ROOT @esbuild/linux-riscv64@0.18.20 OK for: esbuild@0.18.20 want: 0.18.20
566 silly placeDep ROOT @esbuild/linux-s390x@0.18.20 OK for: esbuild@0.18.20 want: 0.18.20
567 silly placeDep ROOT @esbuild/linux-x64@0.18.20 OK for: esbuild@0.18.20 want: 0.18.20
568 silly placeDep ROOT @esbuild/netbsd-x64@0.18.20 OK for: esbuild@0.18.20 want: 0.18.20
569 silly placeDep ROOT @esbuild/openbsd-x64@0.18.20 OK for: esbuild@0.18.20 want: 0.18.20
570 silly placeDep ROOT @esbuild/sunos-x64@0.18.20 OK for: esbuild@0.18.20 want: 0.18.20
571 silly placeDep ROOT @esbuild/win32-arm64@0.18.20 OK for: esbuild@0.18.20 want: 0.18.20
572 silly placeDep ROOT @esbuild/win32-ia32@0.18.20 OK for: esbuild@0.18.20 want: 0.18.20
573 silly placeDep ROOT @esbuild/win32-x64@0.18.20 OK for: esbuild@0.18.20 want: 0.18.20
574 timing idealTree:node_modules/esbuild Completed in 47ms
575 timing idealTree:node_modules/@esbuild/android-arm Completed in 0ms
576 timing idealTree:node_modules/@esbuild/android-arm64 Completed in 0ms
577 timing idealTree:node_modules/@esbuild/android-x64 Completed in 0ms
578 timing idealTree:node_modules/@esbuild/darwin-arm64 Completed in 0ms
579 timing idealTree:node_modules/@esbuild/darwin-x64 Completed in 0ms
580 timing idealTree:node_modules/@esbuild/freebsd-arm64 Completed in 1ms
581 timing idealTree:node_modules/@esbuild/freebsd-x64 Completed in 0ms
582 timing idealTree:node_modules/@esbuild/linux-arm Completed in 0ms
583 timing idealTree:node_modules/@esbuild/linux-arm64 Completed in 0ms
584 timing idealTree:node_modules/@esbuild/linux-ia32 Completed in 0ms
585 timing idealTree:node_modules/@esbuild/linux-loong64 Completed in 0ms
586 timing idealTree:node_modules/@esbuild/linux-mips64el Completed in 0ms
587 timing idealTree:node_modules/@esbuild/linux-ppc64 Completed in 0ms
588 timing idealTree:node_modules/@esbuild/linux-riscv64 Completed in 0ms
589 timing idealTree:node_modules/@esbuild/linux-s390x Completed in 0ms
590 timing idealTree:node_modules/@esbuild/linux-x64 Completed in 0ms
591 timing idealTree:node_modules/@esbuild/netbsd-x64 Completed in 0ms
592 timing idealTree:node_modules/@esbuild/openbsd-x64 Completed in 0ms
593 timing idealTree:node_modules/@esbuild/sunos-x64 Completed in 0ms
594 timing idealTree:node_modules/@esbuild/win32-arm64 Completed in 0ms
595 timing idealTree:node_modules/@esbuild/win32-ia32 Completed in 0ms
596 timing idealTree:node_modules/@esbuild/win32-x64 Completed in 0ms
597 timing idealTree:node_modules/rollup Completed in 0ms
598 timing idealTree:node_modules/vite-plugin-full-reload Completed in 0ms
599 timing idealTree:node_modules/wrappy Completed in 0ms
600 timing idealTree:node_modules/yaml Completed in 0ms
601 timing idealTree:node_modules/chokidar/node_modules/glob-parent Completed in 0ms
602 timing idealTree:node_modules/fast-glob/node_modules/glob-parent Completed in 0ms
603 timing idealTree:buildDeps Completed in 10026ms
604 timing idealTree:fixDepFlags Completed in 3ms
605 timing idealTree Completed in 10061ms
606 timing reify:loadTrees Completed in 10062ms
607 timing reify:diffTrees Completed in 6ms
608 silly reify moves {}
609 timing reify:retireShallow Completed in 1ms
610 timing reify:createSparse Completed in 40ms
611 timing reify:loadBundles Completed in 0ms
612 silly audit bulk request {
612 silly audit   '@tailwindcss/forms': [ '0.5.6' ],
612 silly audit   tailwindcss: [ '3.3.3' ],
612 silly audit   alpinejs: [ '3.13.0' ],
612 silly audit   autoprefixer: [ '10.4.15' ],
612 silly audit   postcss: [ '8.4.29' ],
612 silly audit   axios: [ '1.5.0' ],
612 silly audit   'laravel-vite-plugin': [ '0.8.0' ],
612 silly audit   vite: [ '4.4.9' ],
612 silly audit   'mini-svg-data-uri': [ '1.4.4' ],
612 silly audit   '@vue/reactivity': [ '3.1.5' ],
612 silly audit   '@vue/shared': [ '3.1.5' ],
612 silly audit   browserslist: [ '4.21.10' ],
612 silly audit   'caniuse-lite': [ '1.0.30001524' ],
612 silly audit   'fraction.js': [ '4.3.1' ],
612 silly audit   'normalize-range': [ '0.1.2' ],
612 silly audit   picocolors: [ '1.0.0' ],
612 silly audit   'postcss-value-parser': [ '4.2.0' ],
612 silly audit   'follow-redirects': [ '1.15.2' ],
612 silly audit   'form-data': [ '4.0.0' ],
612 silly audit   'proxy-from-env': [ '1.1.0' ],
612 silly audit   'electron-to-chromium': [ '1.4.505' ],
612 silly audit   'node-releases': [ '2.0.13' ],
612 silly audit   'update-browserslist-db': [ '1.0.11' ],
612 silly audit   asynckit: [ '0.4.0' ],
612 silly audit   'combined-stream': [ '1.0.8' ],
612 silly audit   'mime-types': [ '2.1.35' ],
612 silly audit   'delayed-stream': [ '1.0.0' ],
612 silly audit   'vite-plugin-full-reload': [ '1.0.5' ],
612 silly audit   'mime-db': [ '1.52.0' ],
612 silly audit   nanoid: [ '3.3.6' ],
612 silly audit   'source-map-js': [ '1.0.2' ],
612 silly audit   '@alloc/quick-lru': [ '5.2.0' ],
612 silly audit   arg: [ '5.0.2' ],
612 silly audit   chokidar: [ '3.5.3' ],
612 silly audit   didyoumean: [ '1.2.2' ],
612 silly audit   dlv: [ '1.1.3' ],
612 silly audit   'fast-glob': [ '3.3.1' ],
612 silly audit   'glob-parent': [ '6.0.2', '5.1.2' ],
612 silly audit   'is-glob': [ '4.0.3' ],
612 silly audit   jiti: [ '1.19.3' ],
612 silly audit   lilconfig: [ '2.1.0' ],
612 silly audit   micromatch: [ '4.0.5' ],
612 silly audit   'normalize-path': [ '3.0.0' ],
612 silly audit   'object-hash': [ '3.0.0' ],
612 silly audit   'postcss-import': [ '15.1.0' ],
612 silly audit   'postcss-js': [ '4.0.1' ],
612 silly audit   'postcss-load-config': [ '4.0.1' ],
612 silly audit   'postcss-nested': [ '6.0.1' ],
612 silly audit   'postcss-selector-parser': [ '6.0.13' ],
612 silly audit   resolve: [ '1.22.4' ],
612 silly audit   sucrase: [ '3.34.0' ],
612 silly audit   anymatch: [ '3.1.3' ],
612 silly audit   braces: [ '3.0.2' ],
612 silly audit   fsevents: [ '2.3.3' ],
612 silly audit   'is-binary-path': [ '2.1.0' ],
612 silly audit   readdirp: [ '3.6.0' ],
612 silly audit   picomatch: [ '2.3.1' ],
612 silly audit   'fill-range': [ '7.0.1' ],
612 silly audit   '@nodelib/fs.stat': [ '2.0.5' ],
612 silly audit   '@nodelib/fs.walk': [ '1.2.8' ],
612 silly audit   merge2: [ '1.4.1' ],
612 silly audit   '@nodelib/fs.scandir': [ '2.1.5' ],
612 silly audit   fastq: [ '1.15.0' ],
612 silly audit   'run-parallel': [ '1.2.0' ],
612 silly audit   reusify: [ '1.0.4' ],
612 silly audit   'to-regex-range': [ '5.0.1' ],
612 silly audit   'binary-extensions': [ '2.2.0' ],
612 silly audit   'is-extglob': [ '2.1.1' ],
612 silly audit   'read-cache': [ '1.0.0' ],
612 silly audit   'camelcase-css': [ '2.0.1' ],
612 silly audit   yaml: [ '2.3.2' ],
612 silly audit   cssesc: [ '3.0.0' ],
612 silly audit   'util-deprecate': [ '1.0.2' ],
612 silly audit   pify: [ '2.3.0' ],
612 silly audit   'is-core-module': [ '2.13.0' ],
612 silly audit   'path-parse': [ '1.0.7' ],
612 silly audit   'supports-preserve-symlinks-flag': [ '1.0.0' ],
612 silly audit   has: [ '1.0.3' ],
612 silly audit   'function-bind': [ '1.1.1' ],
612 silly audit   'queue-microtask': [ '1.2.3' ],
612 silly audit   '@jridgewell/gen-mapping': [ '0.3.3' ],
612 silly audit   commander: [ '4.1.1' ],
612 silly audit   glob: [ '7.1.6' ],
612 silly audit   'lines-and-columns': [ '1.2.4' ],
612 silly audit   mz: [ '2.7.0' ],
612 silly audit   pirates: [ '4.0.6' ],
612 silly audit   'ts-interface-checker': [ '0.1.13' ],
612 silly audit   '@jridgewell/set-array': [ '1.1.2' ],
612 silly audit   '@jridgewell/sourcemap-codec': [ '1.4.15' ],
612 silly audit   '@jridgewell/trace-mapping': [ '0.3.19' ],
612 silly audit   '@jridgewell/resolve-uri': [ '3.1.1' ],
612 silly audit   'fs.realpath': [ '1.0.0' ],
612 silly audit   inflight: [ '1.0.6' ],
612 silly audit   inherits: [ '2.0.4' ],
612 silly audit   minimatch: [ '3.1.2' ],
612 silly audit   once: [ '1.4.0' ],
612 silly audit   'path-is-absolute': [ '1.0.1' ],
612 silly audit   wrappy: [ '1.0.2' ],
612 silly audit   'brace-expansion': [ '1.1.11' ],
612 silly audit   'balanced-match': [ '1.0.2' ],
612 silly audit   'concat-map': [ '0.0.1' ],
612 silly audit   'any-promise': [ '1.3.0' ],
612 silly audit   'object-assign': [ '4.1.1' ],
612 silly audit   'thenify-all': [ '1.6.0' ],
612 silly audit   thenify: [ '3.3.1' ],
612 silly audit   'is-number': [ '7.0.0' ],
612 silly audit   escalade: [ '3.1.1' ],
612 silly audit   esbuild: [ '0.18.20' ],
612 silly audit   rollup: [ '3.28.1' ],
612 silly audit   '@esbuild/android-arm': [ '0.18.20' ],
612 silly audit   '@esbuild/android-arm64': [ '0.18.20' ],
612 silly audit   '@esbuild/android-x64': [ '0.18.20' ],
612 silly audit   '@esbuild/darwin-arm64': [ '0.18.20' ],
612 silly audit   '@esbuild/darwin-x64': [ '0.18.20' ],
612 silly audit   '@esbuild/freebsd-arm64': [ '0.18.20' ],
612 silly audit   '@esbuild/freebsd-x64': [ '0.18.20' ],
612 silly audit   '@esbuild/linux-arm': [ '0.18.20' ],
612 silly audit   '@esbuild/linux-arm64': [ '0.18.20' ],
612 silly audit   '@esbuild/linux-ia32': [ '0.18.20' ],
612 silly audit   '@esbuild/linux-loong64': [ '0.18.20' ],
612 silly audit   '@esbuild/linux-mips64el': [ '0.18.20' ],
612 silly audit   '@esbuild/linux-ppc64': [ '0.18.20' ],
612 silly audit   '@esbuild/linux-riscv64': [ '0.18.20' ],
612 silly audit   '@esbuild/linux-s390x': [ '0.18.20' ],
612 silly audit   '@esbuild/linux-x64': [ '0.18.20' ],
612 silly audit   '@esbuild/netbsd-x64': [ '0.18.20' ],
612 silly audit   '@esbuild/openbsd-x64': [ '0.18.20' ],
612 silly audit   '@esbuild/sunos-x64': [ '0.18.20' ],
612 silly audit   '@esbuild/win32-arm64': [ '0.18.20' ],
612 silly audit   '@esbuild/win32-ia32': [ '0.18.20' ],
612 silly audit   '@esbuild/win32-x64': [ '0.18.20' ]
612 silly audit }
613 verbose reify failed optional dependency /home/newpinfactory/node_modules/@esbuild/win32-x64
614 silly reify mark deleted [ '/home/newpinfactory/node_modules/@esbuild/win32-x64' ]
615 verbose reify failed optional dependency /home/newpinfactory/node_modules/@esbuild/win32-ia32
616 silly reify mark deleted [ '/home/newpinfactory/node_modules/@esbuild/win32-ia32' ]
617 verbose reify failed optional dependency /home/newpinfactory/node_modules/@esbuild/win32-arm64
618 silly reify mark deleted [ '/home/newpinfactory/node_modules/@esbuild/win32-arm64' ]
619 verbose reify failed optional dependency /home/newpinfactory/node_modules/@esbuild/sunos-x64
620 silly reify mark deleted [ '/home/newpinfactory/node_modules/@esbuild/sunos-x64' ]
621 verbose reify failed optional dependency /home/newpinfactory/node_modules/@esbuild/openbsd-x64
622 silly reify mark deleted [ '/home/newpinfactory/node_modules/@esbuild/openbsd-x64' ]
623 verbose reify failed optional dependency /home/newpinfactory/node_modules/@esbuild/netbsd-x64
624 silly reify mark deleted [ '/home/newpinfactory/node_modules/@esbuild/netbsd-x64' ]
625 verbose reify failed optional dependency /home/newpinfactory/node_modules/@esbuild/linux-s390x
626 silly reify mark deleted [ '/home/newpinfactory/node_modules/@esbuild/linux-s390x' ]
627 verbose reify failed optional dependency /home/newpinfactory/node_modules/@esbuild/linux-riscv64
628 silly reify mark deleted [ '/home/newpinfactory/node_modules/@esbuild/linux-riscv64' ]
629 verbose reify failed optional dependency /home/newpinfactory/node_modules/@esbuild/linux-ppc64
630 silly reify mark deleted [ '/home/newpinfactory/node_modules/@esbuild/linux-ppc64' ]
631 verbose reify failed optional dependency /home/newpinfactory/node_modules/@esbuild/linux-mips64el
632 silly reify mark deleted [ '/home/newpinfactory/node_modules/@esbuild/linux-mips64el' ]
633 verbose reify failed optional dependency /home/newpinfactory/node_modules/@esbuild/linux-loong64
634 silly reify mark deleted [ '/home/newpinfactory/node_modules/@esbuild/linux-loong64' ]
635 verbose reify failed optional dependency /home/newpinfactory/node_modules/@esbuild/linux-ia32
636 silly reify mark deleted [ '/home/newpinfactory/node_modules/@esbuild/linux-ia32' ]
637 verbose reify failed optional dependency /home/newpinfactory/node_modules/@esbuild/linux-arm64
638 silly reify mark deleted [ '/home/newpinfactory/node_modules/@esbuild/linux-arm64' ]
639 verbose reify failed optional dependency /home/newpinfactory/node_modules/@esbuild/linux-arm
640 silly reify mark deleted [ '/home/newpinfactory/node_modules/@esbuild/linux-arm' ]
641 verbose reify failed optional dependency /home/newpinfactory/node_modules/@esbuild/freebsd-x64
642 silly reify mark deleted [ '/home/newpinfactory/node_modules/@esbuild/freebsd-x64' ]
643 verbose reify failed optional dependency /home/newpinfactory/node_modules/@esbuild/freebsd-arm64
644 silly reify mark deleted [ '/home/newpinfactory/node_modules/@esbuild/freebsd-arm64' ]
645 verbose reify failed optional dependency /home/newpinfactory/node_modules/@esbuild/darwin-x64
646 silly reify mark deleted [ '/home/newpinfactory/node_modules/@esbuild/darwin-x64' ]
647 verbose reify failed optional dependency /home/newpinfactory/node_modules/@esbuild/darwin-arm64
648 silly reify mark deleted [ '/home/newpinfactory/node_modules/@esbuild/darwin-arm64' ]
649 verbose reify failed optional dependency /home/newpinfactory/node_modules/@esbuild/android-x64
650 silly reify mark deleted [ '/home/newpinfactory/node_modules/@esbuild/android-x64' ]
651 verbose reify failed optional dependency /home/newpinfactory/node_modules/@esbuild/android-arm64
652 silly reify mark deleted [ '/home/newpinfactory/node_modules/@esbuild/android-arm64' ]
653 verbose reify failed optional dependency /home/newpinfactory/node_modules/@esbuild/android-arm
654 silly reify mark deleted [ '/home/newpinfactory/node_modules/@esbuild/android-arm' ]
655 verbose reify failed optional dependency /home/newpinfactory/node_modules/fsevents
656 silly reify mark deleted [ '/home/newpinfactory/node_modules/fsevents' ]
657 timing reifyNode:node_modules/@esbuild/win32-x64 Completed in 50ms
658 timing reifyNode:node_modules/@esbuild/win32-ia32 Completed in 50ms
659 timing reifyNode:node_modules/@esbuild/win32-arm64 Completed in 50ms
660 timing reifyNode:node_modules/@esbuild/sunos-x64 Completed in 49ms
661 timing reifyNode:node_modules/@esbuild/openbsd-x64 Completed in 50ms
662 timing reifyNode:node_modules/@esbuild/netbsd-x64 Completed in 50ms
663 timing reifyNode:node_modules/@esbuild/linux-s390x Completed in 50ms
664 timing reifyNode:node_modules/@esbuild/linux-riscv64 Completed in 50ms
665 timing reifyNode:node_modules/@esbuild/linux-ppc64 Completed in 50ms
666 timing reifyNode:node_modules/@esbuild/linux-mips64el Completed in 49ms
667 timing reifyNode:node_modules/@esbuild/linux-loong64 Completed in 49ms
668 timing reifyNode:node_modules/@esbuild/linux-ia32 Completed in 50ms
669 timing reifyNode:node_modules/@esbuild/linux-arm64 Completed in 50ms
670 timing reifyNode:node_modules/@esbuild/linux-arm Completed in 50ms
671 timing reifyNode:node_modules/@esbuild/freebsd-x64 Completed in 50ms
672 timing reifyNode:node_modules/@esbuild/freebsd-arm64 Completed in 50ms
673 timing reifyNode:node_modules/@esbuild/darwin-x64 Completed in 50ms
674 timing reifyNode:node_modules/@esbuild/darwin-arm64 Completed in 50ms
675 timing reifyNode:node_modules/@esbuild/android-x64 Completed in 50ms
676 timing reifyNode:node_modules/@esbuild/android-arm64 Completed in 49ms
677 timing reifyNode:node_modules/@esbuild/android-arm Completed in 50ms
678 timing reifyNode:node_modules/fsevents Completed in 45ms
679 silly tarball no local data for @esbuild/linux-x64@https://registry.npmjs.org/@esbuild/linux-x64/-/linux-x64-0.18.20.tgz. Extracting by manifest.
680 silly tarball no local data for rollup@https://registry.npmjs.org/rollup/-/rollup-3.28.1.tgz. Extracting by manifest.
681 silly tarball no local data for esbuild@https://registry.npmjs.org/esbuild/-/esbuild-0.18.20.tgz. Extracting by manifest.
682 silly tarball no local data for escalade@https://registry.npmjs.org/escalade/-/escalade-3.1.1.tgz. Extracting by manifest.
683 silly tarball no local data for is-number@https://registry.npmjs.org/is-number/-/is-number-7.0.0.tgz. Extracting by manifest.
684 silly tarball no local data for thenify@https://registry.npmjs.org/thenify/-/thenify-3.3.1.tgz. Extracting by manifest.
685 silly tarball no local data for thenify-all@https://registry.npmjs.org/thenify-all/-/thenify-all-1.6.0.tgz. Extracting by manifest.
686 silly tarball no local data for object-assign@https://registry.npmjs.org/object-assign/-/object-assign-4.1.1.tgz. Extracting by manifest.
687 silly tarball no local data for any-promise@https://registry.npmjs.org/any-promise/-/any-promise-1.3.0.tgz. Extracting by manifest.
688 silly tarball no local data for concat-map@https://registry.npmjs.org/concat-map/-/concat-map-0.0.1.tgz. Extracting by manifest.
689 silly tarball no local data for balanced-match@https://registry.npmjs.org/balanced-match/-/balanced-match-1.0.2.tgz. Extracting by manifest.
690 silly tarball no local data for wrappy@https://registry.npmjs.org/wrappy/-/wrappy-1.0.2.tgz. Extracting by manifest.
691 silly tarball no local data for path-is-absolute@https://registry.npmjs.org/path-is-absolute/-/path-is-absolute-1.0.1.tgz. Extracting by manifest.
692 silly tarball no local data for once@https://registry.npmjs.org/once/-/once-1.4.0.tgz. Extracting by manifest.
693 silly tarball no local data for brace-expansion@https://registry.npmjs.org/brace-expansion/-/brace-expansion-1.1.11.tgz. Extracting by manifest.
694 silly tarball no local data for minimatch@https://registry.npmjs.org/minimatch/-/minimatch-3.1.2.tgz. Extracting by manifest.
695 silly tarball no local data for inherits@https://registry.npmjs.org/inherits/-/inherits-2.0.4.tgz. Extracting by manifest.
696 silly tarball no local data for inflight@https://registry.npmjs.org/inflight/-/inflight-1.0.6.tgz. Extracting by manifest.
697 silly tarball no local data for fs.realpath@https://registry.npmjs.org/fs.realpath/-/fs.realpath-1.0.0.tgz. Extracting by manifest.
698 silly tarball no local data for @jridgewell/resolve-uri@https://registry.npmjs.org/@jridgewell/resolve-uri/-/resolve-uri-3.1.1.tgz. Extracting by manifest.
699 silly tarball no local data for @jridgewell/trace-mapping@https://registry.npmjs.org/@jridgewell/trace-mapping/-/trace-mapping-0.3.19.tgz. Extracting by manifest.
700 silly tarball no local data for @jridgewell/sourcemap-codec@https://registry.npmjs.org/@jridgewell/sourcemap-codec/-/sourcemap-codec-1.4.15.tgz. Extracting by manifest.
701 silly tarball no local data for @jridgewell/set-array@https://registry.npmjs.org/@jridgewell/set-array/-/set-array-1.1.2.tgz. Extracting by manifest.
702 silly tarball no local data for ts-interface-checker@https://registry.npmjs.org/ts-interface-checker/-/ts-interface-checker-0.1.13.tgz. Extracting by manifest.
703 silly tarball no local data for pirates@https://registry.npmjs.org/pirates/-/pirates-4.0.6.tgz. Extracting by manifest.
704 silly tarball no local data for mz@https://registry.npmjs.org/mz/-/mz-2.7.0.tgz. Extracting by manifest.
705 silly tarball no local data for lines-and-columns@https://registry.npmjs.org/lines-and-columns/-/lines-and-columns-1.2.4.tgz. Extracting by manifest.
706 silly tarball no local data for glob@https://registry.npmjs.org/glob/-/glob-7.1.6.tgz. Extracting by manifest.
707 silly tarball no local data for commander@https://registry.npmjs.org/commander/-/commander-4.1.1.tgz. Extracting by manifest.
708 silly tarball no local data for @jridgewell/gen-mapping@https://registry.npmjs.org/@jridgewell/gen-mapping/-/gen-mapping-0.3.3.tgz. Extracting by manifest.
709 silly tarball no local data for queue-microtask@https://registry.npmjs.org/queue-microtask/-/queue-microtask-1.2.3.tgz. Extracting by manifest.
710 silly tarball no local data for function-bind@https://registry.npmjs.org/function-bind/-/function-bind-1.1.1.tgz. Extracting by manifest.
711 silly tarball no local data for has@https://registry.npmjs.org/has/-/has-1.0.3.tgz. Extracting by manifest.
712 silly tarball no local data for supports-preserve-symlinks-flag@https://registry.npmjs.org/supports-preserve-symlinks-flag/-/supports-preserve-symlinks-flag-1.0.0.tgz. Extracting by manifest.
713 silly tarball no local data for path-parse@https://registry.npmjs.org/path-parse/-/path-parse-1.0.7.tgz. Extracting by manifest.
714 silly tarball no local data for is-core-module@https://registry.npmjs.org/is-core-module/-/is-core-module-2.13.0.tgz. Extracting by manifest.
715 silly tarball no local data for pify@https://registry.npmjs.org/pify/-/pify-2.3.0.tgz. Extracting by manifest.
716 silly tarball no local data for util-deprecate@https://registry.npmjs.org/util-deprecate/-/util-deprecate-1.0.2.tgz. Extracting by manifest.
717 silly tarball no local data for cssesc@https://registry.npmjs.org/cssesc/-/cssesc-3.0.0.tgz. Extracting by manifest.
718 silly tarball no local data for yaml@https://registry.npmjs.org/yaml/-/yaml-2.3.2.tgz. Extracting by manifest.
719 silly tarball no local data for camelcase-css@https://registry.npmjs.org/camelcase-css/-/camelcase-css-2.0.1.tgz. Extracting by manifest.
720 silly tarball no local data for read-cache@https://registry.npmjs.org/read-cache/-/read-cache-1.0.0.tgz. Extracting by manifest.
721 silly tarball no local data for is-extglob@https://registry.npmjs.org/is-extglob/-/is-extglob-2.1.1.tgz. Extracting by manifest.
722 silly tarball no local data for binary-extensions@https://registry.npmjs.org/binary-extensions/-/binary-extensions-2.2.0.tgz. Extracting by manifest.
723 silly tarball no local data for to-regex-range@https://registry.npmjs.org/to-regex-range/-/to-regex-range-5.0.1.tgz. Extracting by manifest.
724 silly tarball no local data for reusify@https://registry.npmjs.org/reusify/-/reusify-1.0.4.tgz. Extracting by manifest.
725 silly tarball no local data for fastq@https://registry.npmjs.org/fastq/-/fastq-1.15.0.tgz. Extracting by manifest.
726 silly tarball no local data for run-parallel@https://registry.npmjs.org/run-parallel/-/run-parallel-1.2.0.tgz. Extracting by manifest.
727 silly tarball no local data for merge2@https://registry.npmjs.org/merge2/-/merge2-1.4.1.tgz. Extracting by manifest.
728 silly tarball no local data for @nodelib/fs.walk@https://registry.npmjs.org/@nodelib/fs.walk/-/fs.walk-1.2.8.tgz. Extracting by manifest.
729 silly tarball no local data for @nodelib/fs.stat@https://registry.npmjs.org/@nodelib/fs.stat/-/fs.stat-2.0.5.tgz. Extracting by manifest.
730 silly tarball no local data for @nodelib/fs.scandir@https://registry.npmjs.org/@nodelib/fs.scandir/-/fs.scandir-2.1.5.tgz. Extracting by manifest.
731 silly tarball no local data for picomatch@https://registry.npmjs.org/picomatch/-/picomatch-2.3.1.tgz. Extracting by manifest.
732 silly tarball no local data for fill-range@https://registry.npmjs.org/fill-range/-/fill-range-7.0.1.tgz. Extracting by manifest.
733 silly tarball no local data for readdirp@https://registry.npmjs.org/readdirp/-/readdirp-3.6.0.tgz. Extracting by manifest.
734 silly tarball no local data for is-binary-path@https://registry.npmjs.org/is-binary-path/-/is-binary-path-2.1.0.tgz. Extracting by manifest.
735 silly tarball no local data for braces@https://registry.npmjs.org/braces/-/braces-3.0.2.tgz. Extracting by manifest.
736 silly tarball no local data for anymatch@https://registry.npmjs.org/anymatch/-/anymatch-3.1.3.tgz. Extracting by manifest.
737 silly tarball no local data for sucrase@https://registry.npmjs.org/sucrase/-/sucrase-3.34.0.tgz. Extracting by manifest.
738 silly tarball no local data for resolve@https://registry.npmjs.org/resolve/-/resolve-1.22.4.tgz. Extracting by manifest.
739 silly tarball no local data for postcss-selector-parser@https://registry.npmjs.org/postcss-selector-parser/-/postcss-selector-parser-6.0.13.tgz. Extracting by manifest.
740 silly tarball no local data for postcss-nested@https://registry.npmjs.org/postcss-nested/-/postcss-nested-6.0.1.tgz. Extracting by manifest.
741 silly tarball no local data for postcss-js@https://registry.npmjs.org/postcss-js/-/postcss-js-4.0.1.tgz. Extracting by manifest.
742 silly tarball no local data for postcss-load-config@https://registry.npmjs.org/postcss-load-config/-/postcss-load-config-4.0.1.tgz. Extracting by manifest.
743 silly tarball no local data for postcss-import@https://registry.npmjs.org/postcss-import/-/postcss-import-15.1.0.tgz. Extracting by manifest.
744 silly tarball no local data for object-hash@https://registry.npmjs.org/object-hash/-/object-hash-3.0.0.tgz. Extracting by manifest.
745 silly tarball no local data for normalize-path@https://registry.npmjs.org/normalize-path/-/normalize-path-3.0.0.tgz. Extracting by manifest.
746 silly tarball no local data for micromatch@https://registry.npmjs.org/micromatch/-/micromatch-4.0.5.tgz. Extracting by manifest.
747 silly tarball no local data for lilconfig@https://registry.npmjs.org/lilconfig/-/lilconfig-2.1.0.tgz. Extracting by manifest.
748 silly tarball no local data for jiti@https://registry.npmjs.org/jiti/-/jiti-1.19.3.tgz. Extracting by manifest.
749 silly tarball no local data for is-glob@https://registry.npmjs.org/is-glob/-/is-glob-4.0.3.tgz. Extracting by manifest.
750 silly tarball no local data for fast-glob@https://registry.npmjs.org/fast-glob/-/fast-glob-3.3.1.tgz. Extracting by manifest.
751 silly tarball no local data for glob-parent@https://registry.npmjs.org/glob-parent/-/glob-parent-6.0.2.tgz. Extracting by manifest.
752 silly tarball no local data for dlv@https://registry.npmjs.org/dlv/-/dlv-1.1.3.tgz. Extracting by manifest.
753 silly tarball no local data for didyoumean@https://registry.npmjs.org/didyoumean/-/didyoumean-1.2.2.tgz. Extracting by manifest.
754 silly tarball no local data for chokidar@https://registry.npmjs.org/chokidar/-/chokidar-3.5.3.tgz. Extracting by manifest.
755 silly tarball no local data for arg@https://registry.npmjs.org/arg/-/arg-5.0.2.tgz. Extracting by manifest.
756 silly tarball no local data for @alloc/quick-lru@https://registry.npmjs.org/@alloc/quick-lru/-/quick-lru-5.2.0.tgz. Extracting by manifest.
757 silly tarball no local data for source-map-js@https://registry.npmjs.org/source-map-js/-/source-map-js-1.0.2.tgz. Extracting by manifest.
758 silly tarball no local data for nanoid@https://registry.npmjs.org/nanoid/-/nanoid-3.3.6.tgz. Extracting by manifest.
759 silly tarball no local data for mime-db@https://registry.npmjs.org/mime-db/-/mime-db-1.52.0.tgz. Extracting by manifest.
760 silly tarball no local data for vite-plugin-full-reload@https://registry.npmjs.org/vite-plugin-full-reload/-/vite-plugin-full-reload-1.0.5.tgz. Extracting by manifest.
761 silly tarball no local data for mime-types@https://registry.npmjs.org/mime-types/-/mime-types-2.1.35.tgz. Extracting by manifest.
762 silly tarball no local data for delayed-stream@https://registry.npmjs.org/delayed-stream/-/delayed-stream-1.0.0.tgz. Extracting by manifest.
763 silly tarball no local data for combined-stream@https://registry.npmjs.org/combined-stream/-/combined-stream-1.0.8.tgz. Extracting by manifest.
764 silly tarball no local data for asynckit@https://registry.npmjs.org/asynckit/-/asynckit-0.4.0.tgz. Extracting by manifest.
765 silly tarball no local data for update-browserslist-db@https://registry.npmjs.org/update-browserslist-db/-/update-browserslist-db-1.0.11.tgz. Extracting by manifest.
766 silly tarball no local data for node-releases@https://registry.npmjs.org/node-releases/-/node-releases-2.0.13.tgz. Extracting by manifest.
767 silly tarball no local data for electron-to-chromium@https://registry.npmjs.org/electron-to-chromium/-/electron-to-chromium-1.4.505.tgz. Extracting by manifest.
768 silly tarball no local data for proxy-from-env@https://registry.npmjs.org/proxy-from-env/-/proxy-from-env-1.1.0.tgz. Extracting by manifest.
769 silly tarball no local data for form-data@https://registry.npmjs.org/form-data/-/form-data-4.0.0.tgz. Extracting by manifest.
770 silly tarball no local data for follow-redirects@https://registry.npmjs.org/follow-redirects/-/follow-redirects-1.15.2.tgz. Extracting by manifest.
771 silly tarball no local data for picocolors@https://registry.npmjs.org/picocolors/-/picocolors-1.0.0.tgz. Extracting by manifest.
772 silly tarball no local data for postcss-value-parser@https://registry.npmjs.org/postcss-value-parser/-/postcss-value-parser-4.2.0.tgz. Extracting by manifest.
773 silly tarball no local data for normalize-range@https://registry.npmjs.org/normalize-range/-/normalize-range-0.1.2.tgz. Extracting by manifest.
774 silly tarball no local data for fraction.js@https://registry.npmjs.org/fraction.js/-/fraction.js-4.3.1.tgz. Extracting by manifest.
775 silly tarball no local data for browserslist@https://registry.npmjs.org/browserslist/-/browserslist-4.21.10.tgz. Extracting by manifest.
776 silly tarball no local data for caniuse-lite@https://registry.npmjs.org/caniuse-lite/-/caniuse-lite-1.0.30001524.tgz. Extracting by manifest.
777 silly tarball no local data for @vue/shared@https://registry.npmjs.org/@vue/shared/-/shared-3.1.5.tgz. Extracting by manifest.
778 silly tarball no local data for @vue/reactivity@https://registry.npmjs.org/@vue/reactivity/-/reactivity-3.1.5.tgz. Extracting by manifest.
779 silly tarball no local data for mini-svg-data-uri@https://registry.npmjs.org/mini-svg-data-uri/-/mini-svg-data-uri-1.4.4.tgz. Extracting by manifest.
780 silly tarball no local data for vite@https://registry.npmjs.org/vite/-/vite-4.4.9.tgz. Extracting by manifest.
781 silly tarball no local data for laravel-vite-plugin@https://registry.npmjs.org/laravel-vite-plugin/-/laravel-vite-plugin-0.8.0.tgz. Extracting by manifest.
782 silly tarball no local data for axios@https://registry.npmjs.org/axios/-/axios-1.5.0.tgz. Extracting by manifest.
783 silly tarball no local data for autoprefixer@https://registry.npmjs.org/autoprefixer/-/autoprefixer-10.4.15.tgz. Extracting by manifest.
784 silly tarball no local data for postcss@https://registry.npmjs.org/postcss/-/postcss-8.4.29.tgz. Extracting by manifest.
785 silly tarball no local data for alpinejs@https://registry.npmjs.org/alpinejs/-/alpinejs-3.13.0.tgz. Extracting by manifest.
786 silly tarball no local data for tailwindcss@https://registry.npmjs.org/tailwindcss/-/tailwindcss-3.3.3.tgz. Extracting by manifest.
787 silly tarball no local data for @tailwindcss/forms@https://registry.npmjs.org/@tailwindcss/forms/-/forms-0.5.6.tgz. Extracting by manifest.
788 silly tarball no local data for glob-parent@https://registry.npmjs.org/glob-parent/-/glob-parent-5.1.2.tgz. Extracting by manifest.
789 silly tarball no local data for glob-parent@https://registry.npmjs.org/glob-parent/-/glob-parent-5.1.2.tgz. Extracting by manifest.
790 http fetch POST 200 https://registry.npmjs.org/-/npm/v1/security/advisories/bulk 773ms
791 timing auditReport:getReport Completed in 780ms
792 silly audit report {}
793 timing auditReport:init Completed in 0ms
794 timing reify:audit Completed in 782ms
795 http fetch GET 200 https://registry.npmjs.org/concat-map/-/concat-map-0.0.1.tgz 1055ms (cache miss)
796 timing reifyNode:node_modules/concat-map Completed in 1193ms
797 http fetch GET 200 https://registry.npmjs.org/once/-/once-1.4.0.tgz 1047ms (cache miss)
798 timing reifyNode:node_modules/once Completed in 1207ms
799 http fetch GET 200 https://registry.npmjs.org/ts-interface-checker/-/ts-interface-checker-0.1.13.tgz 1039ms (cache miss)
800 http fetch GET 200 https://registry.npmjs.org/wrappy/-/wrappy-1.0.2.tgz 1123ms (cache miss)
801 timing reifyNode:node_modules/wrappy Completed in 1275ms
802 http fetch GET 200 https://registry.npmjs.org/any-promise/-/any-promise-1.3.0.tgz 1146ms (cache miss)
803 http fetch GET 200 https://registry.npmjs.org/thenify-all/-/thenify-all-1.6.0.tgz 1164ms (cache miss)
804 timing reifyNode:node_modules/thenify-all Completed in 1284ms
805 http fetch GET 200 https://registry.npmjs.org/object-assign/-/object-assign-4.1.1.tgz 1159ms (cache miss)
806 timing reifyNode:node_modules/object-assign Completed in 1288ms
807 http fetch GET 200 https://registry.npmjs.org/balanced-match/-/balanced-match-1.0.2.tgz 1150ms (cache miss)
808 timing reifyNode:node_modules/balanced-match Completed in 1292ms
809 http fetch GET 200 https://registry.npmjs.org/minimatch/-/minimatch-3.1.2.tgz 1158ms (cache miss)
810 timing reifyNode:node_modules/minimatch Completed in 1327ms
811 http fetch GET 200 https://registry.npmjs.org/fs.realpath/-/fs.realpath-1.0.0.tgz 1145ms (cache miss)
812 timing reifyNode:node_modules/fs.realpath Completed in 1331ms
813 http fetch GET 200 https://registry.npmjs.org/pirates/-/pirates-4.0.6.tgz 1141ms (cache miss)
814 timing reifyNode:node_modules/pirates Completed in 1362ms
815 http fetch GET 200 https://registry.npmjs.org/lines-and-columns/-/lines-and-columns-1.2.4.tgz 1137ms (cache miss)
816 timing reifyNode:node_modules/lines-and-columns Completed in 1366ms
817 http fetch GET 200 https://registry.npmjs.org/function-bind/-/function-bind-1.1.1.tgz 1116ms (cache miss)
818 http fetch GET 200 https://registry.npmjs.org/@jridgewell/gen-mapping/-/gen-mapping-0.3.3.tgz 1128ms (cache miss)
819 http fetch GET 200 https://registry.npmjs.org/thenify/-/thenify-3.3.1.tgz 1283ms (cache miss)
820 timing reifyNode:node_modules/thenify Completed in 1398ms
821 http fetch GET 200 https://registry.npmjs.org/is-number/-/is-number-7.0.0.tgz 1291ms (cache miss)
822 timing reifyNode:node_modules/is-number Completed in 1402ms
823 http fetch GET 200 https://registry.npmjs.org/path-is-absolute/-/path-is-absolute-1.0.1.tgz 1249ms (cache miss)
824 timing reifyNode:node_modules/path-is-absolute Completed in 1405ms
825 timing reifyNode:node_modules/ts-interface-checker Completed in 1405ms
826 http fetch GET 200 https://registry.npmjs.org/has/-/has-1.0.3.tgz 1150ms (cache miss)
827 timing reifyNode:node_modules/has Completed in 1408ms
828 http fetch GET 200 https://registry.npmjs.org/escalade/-/escalade-3.1.1.tgz 1337ms (cache miss)
829 timing reifyNode:node_modules/escalade Completed in 1444ms
830 http fetch GET 200 https://registry.npmjs.org/esbuild/-/esbuild-0.18.20.tgz 1352ms (cache miss)
831 timing reifyNode:node_modules/esbuild Completed in 1454ms
832 http fetch GET 200 https://registry.npmjs.org/brace-expansion/-/brace-expansion-1.1.11.tgz 1302ms (cache miss)
833 timing reifyNode:node_modules/brace-expansion Completed in 1467ms
834 http fetch GET 200 https://registry.npmjs.org/@jridgewell/resolve-uri/-/resolve-uri-3.1.1.tgz 1281ms (cache miss)
835 timing reifyNode:node_modules/@jridgewell/resolve-uri Completed in 1471ms
836 http fetch GET 200 https://registry.npmjs.org/glob/-/glob-7.1.6.tgz 1241ms (cache miss)
837 timing reifyNode:node_modules/glob Completed in 1475ms
838 http fetch GET 200 https://registry.npmjs.org/queue-microtask/-/queue-microtask-1.2.3.tgz 1227ms (cache miss)
839 timing reifyNode:node_modules/queue-microtask Completed in 1478ms
840 http fetch GET 200 https://registry.npmjs.org/supports-preserve-symlinks-flag/-/supports-preserve-symlinks-flag-1.0.0.tgz 1213ms (cache miss)
841 timing reifyNode:node_modules/supports-preserve-symlinks-flag Completed in 1481ms
842 http fetch GET 200 https://registry.npmjs.org/read-cache/-/read-cache-1.0.0.tgz 1175ms (cache miss)
843 timing reifyNode:node_modules/read-cache Completed in 1485ms
844 http fetch GET 200 https://registry.npmjs.org/inherits/-/inherits-2.0.4.tgz 1326ms (cache miss)
845 timing reifyNode:node_modules/inherits Completed in 1505ms
846 http fetch GET 200 https://registry.npmjs.org/inflight/-/inflight-1.0.6.tgz 1331ms (cache miss)
847 timing reifyNode:node_modules/inflight Completed in 1513ms
848 http fetch GET 200 https://registry.npmjs.org/@jridgewell/set-array/-/set-array-1.1.2.tgz 1310ms (cache miss)
849 timing reifyNode:node_modules/@jridgewell/set-array Completed in 1517ms
850 http fetch GET 200 https://registry.npmjs.org/@jridgewell/sourcemap-codec/-/sourcemap-codec-1.4.15.tgz 1322ms (cache miss)
851 http fetch GET 200 https://registry.npmjs.org/path-parse/-/path-parse-1.0.7.tgz 1256ms (cache miss)
852 timing reifyNode:node_modules/path-parse Completed in 1528ms
853 timing reifyNode:node_modules/function-bind Completed in 1528ms
854 http fetch GET 200 https://registry.npmjs.org/cssesc/-/cssesc-3.0.0.tgz 1238ms (cache miss)
855 timing reifyNode:node_modules/cssesc Completed in 1533ms
856 http fetch GET 200 https://registry.npmjs.org/mz/-/mz-2.7.0.tgz 1323ms (cache miss)
857 timing reifyNode:node_modules/mz Completed in 1548ms
858 timing reifyNode:node_modules/@jridgewell/sourcemap-codec Completed in 1548ms
859 http fetch GET 200 https://registry.npmjs.org/camelcase-css/-/camelcase-css-2.0.1.tgz 1248ms (cache miss)
860 timing reifyNode:node_modules/camelcase-css Completed in 1552ms
861 http fetch GET 200 https://registry.npmjs.org/fastq/-/fastq-1.15.0.tgz 1211ms (cache miss)
862 http fetch GET 200 https://registry.npmjs.org/binary-extensions/-/binary-extensions-2.2.0.tgz 1243ms (cache miss)
863 timing reifyNode:node_modules/binary-extensions Completed in 1562ms
864 http fetch GET 200 https://registry.npmjs.org/is-extglob/-/is-extglob-2.1.1.tgz 1251ms (cache miss)
865 timing reifyNode:node_modules/is-extglob Completed in 1566ms
866 http fetch GET 200 https://registry.npmjs.org/postcss-nested/-/postcss-nested-6.0.1.tgz 1147ms (cache miss)
867 timing reifyNode:node_modules/postcss-nested Completed in 1571ms
868 http fetch GET 200 https://registry.npmjs.org/is-core-module/-/is-core-module-2.13.0.tgz 1315ms (cache miss)
869 timing reifyNode:node_modules/is-core-module Completed in 1592ms
870 http fetch GET 200 https://registry.npmjs.org/fill-range/-/fill-range-7.0.1.tgz 1212ms (cache miss)
871 timing reifyNode:node_modules/fill-range Completed in 1594ms
872 http fetch GET 200 https://registry.npmjs.org/run-parallel/-/run-parallel-1.2.0.tgz 1242ms (cache miss)
873 timing reifyNode:node_modules/run-parallel Completed in 1599ms
874 http fetch GET 200 https://registry.npmjs.org/util-deprecate/-/util-deprecate-1.0.2.tgz 1321ms (cache miss)
875 timing reifyNode:node_modules/util-deprecate Completed in 1611ms
876 http fetch GET 200 https://registry.npmjs.org/pify/-/pify-2.3.0.tgz 1334ms (cache miss)
877 timing reifyNode:node_modules/pify Completed in 1616ms
878 http fetch GET 200 https://registry.npmjs.org/picomatch/-/picomatch-2.3.1.tgz 1244ms (cache miss)
879 http fetch GET 200 https://registry.npmjs.org/anymatch/-/anymatch-3.1.3.tgz 1219ms (cache miss)
880 timing reifyNode:node_modules/anymatch Completed in 1626ms
881 http fetch GET 200 https://registry.npmjs.org/@nodelib/fs.stat/-/fs.stat-2.0.5.tgz 1260ms (cache miss)
882 http fetch GET 200 https://registry.npmjs.org/is-binary-path/-/is-binary-path-2.1.0.tgz 1244ms (cache miss)
883 timing reifyNode:node_modules/is-binary-path Completed in 1638ms
884 http fetch GET 200 https://registry.npmjs.org/@nodelib/fs.walk/-/fs.walk-1.2.8.tgz 1277ms (cache miss)
885 http fetch GET 200 https://registry.npmjs.org/object-hash/-/object-hash-3.0.0.tgz 1201ms (cache miss)
886 timing reifyNode:node_modules/object-hash Completed in 1646ms
887 http fetch GET 200 https://registry.npmjs.org/lilconfig/-/lilconfig-2.1.0.tgz 1193ms (cache miss)
888 timing reifyNode:node_modules/lilconfig Completed in 1650ms
889 http fetch GET 200 https://registry.npmjs.org/didyoumean/-/didyoumean-1.2.2.tgz 1165ms (cache miss)
890 timing reifyNode:node_modules/didyoumean Completed in 1654ms
891 http fetch GET 200 https://registry.npmjs.org/to-regex-range/-/to-regex-range-5.0.1.tgz 1348ms (cache miss)
892 timing reifyNode:node_modules/to-regex-range Completed in 1671ms
893 http fetch GET 200 https://registry.npmjs.org/merge2/-/merge2-1.4.1.tgz 1314ms (cache miss)
894 timing reifyNode:node_modules/merge2 Completed in 1676ms
895 http fetch GET 200 https://registry.npmjs.org/postcss-js/-/postcss-js-4.0.1.tgz 1253ms (cache miss)
896 timing reifyNode:node_modules/postcss-js Completed in 1679ms
897 http fetch GET 200 https://registry.npmjs.org/postcss-load-config/-/postcss-load-config-4.0.1.tgz 1249ms (cache miss)
898 timing reifyNode:node_modules/postcss-load-config Completed in 1683ms
899 http fetch GET 200 https://registry.npmjs.org/arg/-/arg-5.0.2.tgz 1194ms (cache miss)
900 timing reifyNode:node_modules/arg Completed in 1691ms
901 http fetch GET 200 https://registry.npmjs.org/reusify/-/reusify-1.0.4.tgz 1372ms (cache miss)
902 timing reifyNode:node_modules/reusify Completed in 1705ms
903 timing reifyNode:node_modules/picomatch Completed in 1704ms
904 http fetch GET 200 https://registry.npmjs.org/micromatch/-/micromatch-4.0.5.tgz 1255ms (cache miss)
905 timing reifyNode:node_modules/micromatch Completed in 1708ms
906 http fetch GET 200 https://registry.npmjs.org/mime-types/-/mime-types-2.1.35.tgz 1188ms (cache miss)
907 timing reifyNode:node_modules/mime-types Completed in 1708ms
908 http fetch GET 200 https://registry.npmjs.org/readdirp/-/readdirp-3.6.0.tgz 1341ms (cache miss)
909 timing reifyNode:node_modules/readdirp Completed in 1728ms
910 http fetch GET 200 https://registry.npmjs.org/braces/-/braces-3.0.2.tgz 1330ms (cache miss)
911 http fetch GET 200 https://registry.npmjs.org/dlv/-/dlv-1.1.3.tgz 1254ms (cache miss)
912 timing reifyNode:node_modules/dlv Completed in 1735ms
913 http fetch GET 200 https://registry.npmjs.org/delayed-stream/-/delayed-stream-1.0.0.tgz 1208ms (cache miss)
914 timing reifyNode:node_modules/delayed-stream Completed in 1736ms
915 http fetch GET 200 https://registry.npmjs.org/commander/-/commander-4.1.1.tgz 1513ms (cache miss)
916 timing reifyNode:node_modules/commander Completed in 1756ms
917 timing reifyNode:node_modules/@jridgewell/gen-mapping Completed in 1756ms
918 timing reifyNode:node_modules/fastq Completed in 1755ms
919 timing reifyNode:node_modules/braces Completed in 1754ms
920 http fetch GET 200 https://registry.npmjs.org/@nodelib/fs.scandir/-/fs.scandir-2.1.5.tgz 1384ms (cache miss)
921 http fetch GET 200 https://registry.npmjs.org/glob-parent/-/glob-parent-6.0.2.tgz 1284ms (cache miss)
922 timing reifyNode:node_modules/glob-parent Completed in 1762ms
923 http fetch GET 200 https://registry.npmjs.org/nanoid/-/nanoid-3.3.6.tgz 1256ms (cache miss)
924 http fetch GET 200 https://registry.npmjs.org/follow-redirects/-/follow-redirects-1.15.2.tgz 1206ms (cache miss)
925 timing reifyNode:node_modules/follow-redirects Completed in 1768ms
926 http fetch GET 200 https://registry.npmjs.org/normalize-range/-/normalize-range-0.1.2.tgz 1194ms (cache miss)
927 timing reifyNode:node_modules/normalize-range Completed in 1772ms
928 http fetch GET 200 https://registry.npmjs.org/postcss-value-parser/-/postcss-value-parser-4.2.0.tgz 1202ms (cache miss)
929 http fetch GET 200 https://registry.npmjs.org/postcss-import/-/postcss-import-15.1.0.tgz 1355ms (cache miss)
930 timing reifyNode:node_modules/postcss-import Completed in 1793ms
931 http fetch GET 200 https://registry.npmjs.org/is-glob/-/is-glob-4.0.3.tgz 1332ms (cache miss)
932 timing reifyNode:node_modules/is-glob Completed in 1799ms
933 http fetch GET 200 https://registry.npmjs.org/vite-plugin-full-reload/-/vite-plugin-full-reload-1.0.5.tgz 1282ms (cache miss)
934 timing reifyNode:node_modules/vite-plugin-full-reload Completed in 1798ms
935 http fetch GET 200 https://registry.npmjs.org/update-browserslist-db/-/update-browserslist-db-1.0.11.tgz 1262ms (cache miss)
936 timing reifyNode:node_modules/update-browserslist-db Completed in 1802ms
937 http fetch GET 200 https://registry.npmjs.org/form-data/-/form-data-4.0.0.tgz 1248ms (cache miss)
938 timing reifyNode:node_modules/postcss-value-parser Completed in 1806ms
939 http fetch GET 200 https://registry.npmjs.org/browserslist/-/browserslist-4.21.10.tgz 1228ms (cache miss)
940 http fetch GET 200 https://registry.npmjs.org/mime-db/-/mime-db-1.52.0.tgz 1313ms (cache miss)
941 http fetch GET 200 https://registry.npmjs.org/asynckit/-/asynckit-0.4.0.tgz 1293ms (cache miss)
942 http fetch GET 200 https://registry.npmjs.org/node-releases/-/node-releases-2.0.13.tgz 1292ms (cache miss)
943 timing reifyNode:node_modules/node-releases Completed in 1836ms
944 http fetch GET 200 https://registry.npmjs.org/proxy-from-env/-/proxy-from-env-1.1.0.tgz 1285ms (cache miss)
945 timing reifyNode:node_modules/proxy-from-env Completed in 1840ms
946 timing reifyNode:node_modules/form-data Completed in 1841ms
947 http fetch GET 200 https://registry.npmjs.org/chokidar/-/chokidar-3.5.3.tgz 1362ms (cache miss)
948 timing reifyNode:node_modules/chokidar Completed in 1854ms
949 timing reifyNode:node_modules/browserslist Completed in 1854ms
950 http fetch GET 200 https://registry.npmjs.org/@jridgewell/trace-mapping/-/trace-mapping-0.3.19.tgz 1671ms (cache miss)
951 timing reifyNode:node_modules/mime-db Completed in 1863ms
952 http fetch GET 200 https://registry.npmjs.org/fraction.js/-/fraction.js-4.3.1.tgz 1283ms (cache miss)
953 timing reifyNode:node_modules/fraction.js Completed in 1865ms
954 http fetch GET 200 https://registry.npmjs.org/mini-svg-data-uri/-/mini-svg-data-uri-1.4.4.tgz 1263ms (cache miss)
955 timing reifyNode:node_modules/mini-svg-data-uri Completed in 1873ms
956 timing reifyNode:node_modules/@nodelib/fs.stat Completed in 1883ms
957 http fetch GET 200 https://registry.npmjs.org/picocolors/-/picocolors-1.0.0.tgz 1311ms (cache miss)
958 timing reifyNode:node_modules/picocolors Completed in 1880ms
959 http fetch GET 200 https://registry.npmjs.org/combined-stream/-/combined-stream-1.0.8.tgz 1353ms (cache miss)
960 timing reifyNode:node_modules/combined-stream Completed in 1885ms
961 http fetch GET 200 https://registry.npmjs.org/laravel-vite-plugin/-/laravel-vite-plugin-0.8.0.tgz 1271ms (cache miss)
962 timing reifyNode:node_modules/laravel-vite-plugin Completed in 1887ms
963 timing reifyNode:node_modules/asynckit Completed in 1899ms
964 timing reifyNode:node_modules/@jridgewell/trace-mapping Completed in 1910ms
965 http fetch GET 200 https://registry.npmjs.org/glob-parent/-/glob-parent-5.1.2.tgz 1248ms (cache miss)
966 timing reifyNode:node_modules/fast-glob/node_modules/glob-parent Completed in 1911ms
967 timing reifyNode:node_modules/any-promise Completed in 1927ms
968 http fetch GET 200 https://registry.npmjs.org/glob-parent/-/glob-parent-5.1.2.tgz 1259ms (cache miss)
969 timing reifyNode:node_modules/chokidar/node_modules/glob-parent Completed in 1927ms
970 http fetch GET 200 https://registry.npmjs.org/source-map-js/-/source-map-js-1.0.2.tgz 1432ms (cache miss)
971 http fetch GET 200 https://registry.npmjs.org/normalize-path/-/normalize-path-3.0.0.tgz 1498ms (cache miss)
972 timing reifyNode:node_modules/normalize-path Completed in 1947ms
973 timing reifyNode:node_modules/@nodelib/fs.scandir Completed in 1950ms
974 timing reifyNode:node_modules/source-map-js Completed in 1950ms
975 timing reifyNode:node_modules/nanoid Completed in 1953ms
976 timing reifyNode:node_modules/@nodelib/fs.walk Completed in 1961ms
977 http fetch GET 200 https://registry.npmjs.org/electron-to-chromium/-/electron-to-chromium-1.4.505.tgz 1411ms (cache miss)
978 http fetch GET 200 https://registry.npmjs.org/@alloc/quick-lru/-/quick-lru-5.2.0.tgz 1473ms (cache miss)
979 timing reifyNode:node_modules/@alloc/quick-lru Completed in 1970ms
980 timing reifyNode:node_modules/electron-to-chromium Completed in 1971ms
981 http fetch GET 200 https://registry.npmjs.org/@vue/shared/-/shared-3.1.5.tgz 1405ms (cache miss)
982 timing reifyNode:node_modules/@vue/shared Completed in 2007ms
983 http fetch GET 200 https://registry.npmjs.org/postcss-selector-parser/-/postcss-selector-parser-6.0.13.tgz 1618ms (cache miss)
984 timing reifyNode:node_modules/postcss-selector-parser Completed in 2042ms
985 http fetch GET 200 https://registry.npmjs.org/@tailwindcss/forms/-/forms-0.5.6.tgz 1398ms (cache miss)
986 timing reifyNode:node_modules/@tailwindcss/forms Completed in 2070ms
987 http fetch GET 200 https://registry.npmjs.org/fast-glob/-/fast-glob-3.3.1.tgz 1626ms (cache miss)
988 timing reifyNode:node_modules/fast-glob Completed in 2108ms
989 http fetch GET 200 https://registry.npmjs.org/postcss/-/postcss-8.4.29.tgz 1522ms (cache miss)
990 timing reifyNode:node_modules/postcss Completed in 2163ms
991 http fetch GET 200 https://registry.npmjs.org/autoprefixer/-/autoprefixer-10.4.15.tgz 1571ms (cache miss)
992 http fetch GET 200 https://registry.npmjs.org/alpinejs/-/alpinejs-3.13.0.tgz 1565ms (cache miss)
993 timing reifyNode:node_modules/autoprefixer Completed in 2206ms
994 timing reifyNode:node_modules/alpinejs Completed in 2208ms
995 http fetch GET 200 https://registry.npmjs.org/jiti/-/jiti-1.19.3.tgz 1780ms (cache miss)
996 timing reifyNode:node_modules/jiti Completed in 2249ms
997 http fetch GET 200 https://registry.npmjs.org/@vue/reactivity/-/reactivity-3.1.5.tgz 1647ms (cache miss)
998 timing reifyNode:node_modules/@vue/reactivity Completed in 2254ms
999 http fetch GET 200 https://registry.npmjs.org/rollup/-/rollup-3.28.1.tgz 2247ms (cache miss)
1000 timing reifyNode:node_modules/rollup Completed in 2345ms
1001 http fetch GET 200 https://registry.npmjs.org/resolve/-/resolve-1.22.4.tgz 1947ms (cache miss)
1002 timing reifyNode:node_modules/resolve Completed in 2366ms
1003 http fetch GET 200 https://registry.npmjs.org/axios/-/axios-1.5.0.tgz 1785ms (cache miss)
1004 timing reifyNode:node_modules/axios Completed in 2406ms
1005 http fetch GET 200 https://registry.npmjs.org/vite/-/vite-4.4.9.tgz 1827ms (cache miss)
1006 timing reifyNode:node_modules/vite Completed in 2439ms
1007 http fetch GET 200 https://registry.npmjs.org/sucrase/-/sucrase-3.34.0.tgz 2108ms (cache miss)
1008 timing reifyNode:node_modules/sucrase Completed in 2522ms
1009 http fetch GET 200 https://registry.npmjs.org/yaml/-/yaml-2.3.2.tgz 2243ms (cache miss)
1010 timing reifyNode:node_modules/yaml Completed in 2543ms
1011 http fetch GET 200 https://registry.npmjs.org/@esbuild/linux-x64/-/linux-x64-0.18.20.tgz 2628ms (cache miss)
1012 timing reifyNode:node_modules/@esbuild/linux-x64 Completed in 2721ms
1013 http fetch GET 200 https://registry.npmjs.org/tailwindcss/-/tailwindcss-3.3.3.tgz 2081ms (cache miss)
1014 timing reifyNode:node_modules/tailwindcss Completed in 2728ms
1015 http fetch GET 200 https://registry.npmjs.org/caniuse-lite/-/caniuse-lite-1.0.30001524.tgz 2191ms (cache miss)
1016 timing reifyNode:node_modules/caniuse-lite Completed in 2784ms
1017 timing reify:unpack Completed in 2799ms
1018 timing reify:unretire Completed in 0ms
1019 timing build:queue Completed in 7ms
1020 timing build:link:node_modules/autoprefixer Completed in 9ms
1021 timing build:link:node_modules/browserslist Completed in 8ms
1022 timing build:link:node_modules/cssesc Completed in 8ms
1023 timing build:link:node_modules/esbuild Completed in 8ms
1024 timing build:link:node_modules/jiti Completed in 8ms
1025 timing build:link:node_modules/mini-svg-data-uri Completed in 8ms
1026 timing build:link:node_modules/resolve Completed in 8ms
1027 timing build:link:node_modules/nanoid Completed in 8ms
1028 timing build:link:node_modules/rollup Completed in 7ms
1029 timing build:link:node_modules/sucrase Completed in 8ms
1030 timing build:link:node_modules/tailwindcss Completed in 8ms
1031 timing build:link:node_modules/update-browserslist-db Completed in 8ms
1032 timing build:link:node_modules/vite Completed in 8ms
1033 timing build:link Completed in 10ms
1034 info run esbuild@0.18.20 postinstall node_modules/esbuild node install.js
1035 info run esbuild@0.18.20 postinstall { code: 0, signal: null }
1036 timing build:run:postinstall:node_modules/esbuild Completed in 129ms
1037 timing build:run:postinstall Completed in 129ms
1038 timing build:deps Completed in 146ms
1039 timing build Completed in 146ms
1040 timing reify:build Completed in 147ms
1041 timing reify:trash Completed in 5ms
1042 timing reify:save Completed in 54ms
1043 timing reify Completed in 13343ms
1044 silly ADD
1045 silly ADD
1046 silly ADD
1047 silly ADD
1048 silly ADD
1049 silly ADD
1050 silly ADD node_modules/@esbuild/linux-x64
1051 silly ADD
1052 silly ADD
1053 silly ADD
1054 silly ADD
1055 silly ADD
1056 silly ADD
1057 silly ADD
1058 silly ADD
1059 silly ADD
1060 silly ADD
1061 silly ADD
1062 silly ADD
1063 silly ADD
1064 silly ADD
1065 silly ADD
1066 silly ADD node_modules/rollup
1067 silly ADD node_modules/esbuild
1068 silly ADD node_modules/escalade
1069 silly ADD node_modules/is-number
1070 silly ADD node_modules/thenify
1071 silly ADD node_modules/thenify-all
1072 silly ADD node_modules/object-assign
1073 silly ADD node_modules/any-promise
1074 silly ADD node_modules/concat-map
1075 silly ADD node_modules/balanced-match
1076 silly ADD node_modules/brace-expansion
1077 silly ADD node_modules/wrappy
1078 silly ADD node_modules/path-is-absolute
1079 silly ADD node_modules/once
1080 silly ADD node_modules/minimatch
1081 silly ADD node_modules/inherits
1082 silly ADD node_modules/inflight
1083 silly ADD node_modules/fs.realpath
1084 silly ADD node_modules/@jridgewell/resolve-uri
1085 silly ADD node_modules/@jridgewell/trace-mapping
1086 silly ADD node_modules/@jridgewell/sourcemap-codec
1087 silly ADD node_modules/@jridgewell/set-array
1088 silly ADD node_modules/ts-interface-checker
1089 silly ADD node_modules/pirates
1090 silly ADD node_modules/mz
1091 silly ADD node_modules/lines-and-columns
1092 silly ADD node_modules/glob
1093 silly ADD node_modules/commander
1094 silly ADD node_modules/@jridgewell/gen-mapping
1095 silly ADD node_modules/queue-microtask
1096 silly ADD node_modules/function-bind
1097 silly ADD node_modules/has
1098 silly ADD node_modules/supports-preserve-symlinks-flag
1099 silly ADD node_modules/path-parse
1100 silly ADD node_modules/is-core-module
1101 silly ADD node_modules/pify
1102 silly ADD node_modules/util-deprecate
1103 silly ADD node_modules/cssesc
1104 silly ADD node_modules/yaml
1105 silly ADD node_modules/camelcase-css
1106 silly ADD node_modules/read-cache
1107 silly ADD node_modules/is-extglob
1108 silly ADD node_modules/binary-extensions
1109 silly ADD node_modules/to-regex-range
1110 silly ADD node_modules/reusify
1111 silly ADD node_modules/run-parallel
1112 silly ADD node_modules/fastq
1113 silly ADD node_modules/@nodelib/fs.scandir
1114 silly ADD node_modules/merge2
1115 silly ADD node_modules/@nodelib/fs.walk
1116 silly ADD node_modules/@nodelib/fs.stat
1117 silly ADD node_modules/fill-range
1118 silly ADD node_modules/picomatch
1119 silly ADD node_modules/readdirp
1120 silly ADD node_modules/is-binary-path
1121 silly ADD
1122 silly ADD node_modules/braces
1123 silly ADD node_modules/anymatch
1124 silly ADD node_modules/sucrase
1125 silly ADD node_modules/resolve
1126 silly ADD node_modules/postcss-selector-parser
1127 silly ADD node_modules/postcss-nested
1128 silly ADD node_modules/postcss-load-config
1129 silly ADD node_modules/postcss-js
1130 silly ADD node_modules/postcss-import
1131 silly ADD node_modules/object-hash
1132 silly ADD node_modules/normalize-path
1133 silly ADD node_modules/micromatch
1134 silly ADD node_modules/lilconfig
1135 silly ADD node_modules/jiti
1136 silly ADD node_modules/is-glob
1137 silly ADD node_modules/glob-parent
1138 silly ADD node_modules/fast-glob
1139 silly ADD node_modules/fast-glob/node_modules/glob-parent
1140 silly ADD node_modules/dlv
1141 silly ADD node_modules/didyoumean
1142 silly ADD node_modules/chokidar
1143 silly ADD node_modules/chokidar/node_modules/glob-parent
1144 silly ADD node_modules/arg
1145 silly ADD node_modules/@alloc/quick-lru
1146 silly ADD node_modules/source-map-js
1147 silly ADD node_modules/nanoid
1148 silly ADD node_modules/mime-db
1149 silly ADD node_modules/vite-plugin-full-reload
1150 silly ADD node_modules/delayed-stream
1151 silly ADD node_modules/mime-types
1152 silly ADD node_modules/combined-stream
1153 silly ADD node_modules/asynckit
1154 silly ADD node_modules/update-browserslist-db
1155 silly ADD node_modules/node-releases
1156 silly ADD node_modules/electron-to-chromium
1157 silly ADD node_modules/proxy-from-env
1158 silly ADD node_modules/form-data
1159 silly ADD node_modules/follow-redirects
1160 silly ADD node_modules/postcss-value-parser
1161 silly ADD node_modules/picocolors
1162 silly ADD node_modules/normalize-range
1163 silly ADD node_modules/fraction.js
1164 silly ADD node_modules/caniuse-lite
1165 silly ADD node_modules/browserslist
1166 silly ADD node_modules/@vue/shared
1167 silly ADD node_modules/@vue/reactivity
1168 silly ADD node_modules/mini-svg-data-uri
1169 silly ADD node_modules/vite
1170 silly ADD node_modules/laravel-vite-plugin
1171 silly ADD node_modules/axios
1172 silly ADD node_modules/postcss
1173 silly ADD node_modules/autoprefixer
1174 silly ADD node_modules/alpinejs
1175 silly ADD node_modules/tailwindcss
1176 silly ADD node_modules/@tailwindcss/forms
1177 timing command:install Completed in 13360ms
1178 notice
1178 notice New [31mmajor[39m version of npm available! [31m8.11.0[39m -> [32m9.8.1[39m
1178 notice Changelog: [36mhttps://github.com/npm/cli/releases/tag/v9.8.1[39m
1178 notice Run [32mnpm install -g npm@9.8.1[39m to update!
1178 notice
1179 verbose exit 0
1180 timing npm Completed in 13584ms
1181 info ok
